{"meta": {"format": 3, "version": "7.13.4", "timestamp": "2026-03-09T05:25:40.364009", "branch_coverage": true, "show_contexts": false}, "files": {"src/inv_man_intake/__init__.py": {"executed_lines": [3], "summary": {"covered_lines": 1, "num_statements": 1, "percent_covered": 100.0, "percent_covered_display": "100", "missing_lines": 0, "excluded_lines": 0, "percent_statements_covered": 100.0, "percent_statements_covered_display": "100", "num_branches": 0, "num_partial_branches": 0, "covered_branches": 0, "missing_branches": 0, "percent_branches_covered": 100.0, "percent_branches_covered_display": "100"}, "missing_lines": [], "excluded_lines": [], "executed_branches": [], "missing_branches": [], "functions": {"": {"executed_lines": [3], "summary": {"covered_lines": 1, "num_statements": 1, "percent_covered": 100.0, "percent_covered_display": "100", "missing_lines": 0, "excluded_lines": 0, "percent_statements_covered": 100.0, "percent_statements_covered_display": "100", "num_branches": 0, "num_partial_branches": 0, "covered_branches": 0, "missing_branches": 0, "percent_branches_covered": 100.0, "percent_branches_covered_display": "100"}, "missing_lines": [], "excluded_lines": [], "start_line": 1, "executed_branches": [], "missing_branches": []}}, "classes": {"": {"executed_lines": [3], "summary": {"covered_lines": 1, "num_statements": 1, "percent_covered": 100.0, "percent_covered_display": "100", "missing_lines": 0, "excluded_lines": 0, "percent_statements_covered": 100.0, "percent_statements_covered_display": "100", "num_branches": 0, "num_partial_branches": 0, "covered_branches": 0, "missing_branches": 0, "percent_branches_covered": 100.0, "percent_branches_covered_display": "100"}, "missing_lines": [], "excluded_lines": [], "start_line": 1, "executed_branches": [], "missing_branches": []}}}, "src/inv_man_intake/audit/__init__.py": {"executed_lines": [3, 4, 6], "summary": {"covered_lines": 3, "num_statements": 3, "percent_covered": 100.0, "percent_covered_display": "100", "missing_lines": 0, "excluded_lines": 0, "percent_statements_covered": 100.0, "percent_statements_covered_display": "100", "num_branches": 0, "num_partial_branches": 0, "covered_branches": 0, "missing_branches": 0, "percent_branches_covered": 100.0, "percent_branches_covered_display": "100"}, "missing_lines": [], "excluded_lines": [], "executed_branches": [], "missing_branches": [], "functions": {"": {"executed_lines": [3, 4, 6], "summary": {"covered_lines": 3, "num_statements": 3, "percent_covered": 100.0, "percent_covered_display": "100", "missing_lines": 0, "excluded_lines": 0, "percent_statements_covered": 100.0, "percent_statements_covered_display": "100", "num_branches": 0, "num_partial_branches": 0, "covered_branches": 0, "missing_branches": 0, "percent_branches_covered": 100.0, "percent_branches_covered_display": "100"}, "missing_lines": [], "excluded_lines": [], "start_line": 1, "executed_branches": [], "missing_branches": []}}, "classes": {"": {"executed_lines": [3, 4, 6], "summary": {"covered_lines": 3, "num_statements": 3, "percent_covered": 100.0, "percent_covered_display": "100", "missing_lines": 0, "excluded_lines": 0, "percent_statements_covered": 100.0, "percent_statements_covered_display": "100", "num_branches": 0, "num_partial_branches": 0, "covered_branches": 0, "missing_branches": 0, "percent_branches_covered": 100.0, "percent_branches_covered_display": "100"}, "missing_lines": [], "excluded_lines": [], "start_line": 1, "executed_branches": [], "missing_branches": []}}}, "src/inv_man_intake/audit/events.py": {"executed_lines": [3, 5, 6, 7, 8, 11, 12, 15, 16, 17, 18, 19, 20, 21, 22, 23, 24, 25, 28, 44, 45, 46, 48, 50, 53, 54, 55, 56], "summary": {"covered_lines": 28, "num_statements": 31, "percent_covered": 84.61538461538461, "percent_covered_display": "85", "missing_lines": 3, "excluded_lines": 0, "percent_statements_covered": 90.3225806451613, "percent_statements_covered_display": "90", "num_branches": 8, "num_partial_branches": 3, "covered_branches": 5, "missing_branches": 3, "percent_branches_covered": 62.5, "percent_branches_covered_display": "62"}, "missing_lines": [47, 49, 51], "excluded_lines": [], "executed_branches": [[44, 45], [44, 46], [46, 48], [48, 50], [50, 53]], "missing_branches": [[46, 47], [48, 49], [50, 51]], "functions": {"create_queue_audit_event": {"executed_lines": [44, 45, 46, 48, 50, 53, 54, 55, 56], "summary": {"covered_lines": 9, "num_statements": 12, "percent_covered": 70.0, "percent_covered_display": "70", "missing_lines": 3, "excluded_lines": 0, "percent_statements_covered": 75.0, "percent_statements_covered_display": "75", "num_branches": 8, "num_partial_branches": 3, "covered_branches": 5, "missing_branches": 3, "percent_branches_covered": 62.5, "percent_branches_covered_display": "62"}, "missing_lines": [47, 49, 51], "excluded_lines": [], "start_line": 28, "executed_branches": [[44, 45], [44, 46], [46, 48], [48, 50], [50, 53]], "missing_branches": [[46, 47], [48, 49], [50, 51]]}, "": {"executed_lines": [3, 5, 6, 7, 8, 11, 12, 15, 16, 17, 18, 19, 20, 21, 22, 23, 24, 25, 28], "summary": {"covered_lines": 19, "num_statements": 19, "percent_covered": 100.0, "percent_covered_display": "100", "missing_lines": 0, "excluded_lines": 0, "percent_statements_covered": 100.0, "percent_statements_covered_display": "100", "num_branches": 0, "num_partial_branches": 0, "covered_branches": 0, "missing_branches": 0, "percent_branches_covered": 100.0, "percent_branches_covered_display": "100"}, "missing_lines": [], "excluded_lines": [], "start_line": 1, "executed_branches": [], "missing_branches": []}}, "classes": {"QueueAuditEvent": {"executed_lines": [], "summary": {"covered_lines": 0, "num_statements": 0, "percent_covered": 100.0, "percent_covered_display": "100", "missing_lines": 0, "excluded_lines": 0, "percent_statements_covered": 100.0, "percent_statements_covered_display": "100", "num_branches": 0, "num_partial_branches": 0, "covered_branches": 0, "missing_branches": 0, "percent_branches_covered": 100.0, "percent_branches_covered_display": "100"}, "missing_lines": [], "excluded_lines": [], "start_line": 12, "executed_branches": [], "missing_branches": []}, "": {"executed_lines": [3, 5, 6, 7, 8, 11, 12, 15, 16, 17, 18, 19, 20, 21, 22, 23, 24, 25, 28, 44, 45, 46, 48, 50, 53, 54, 55, 56], "summary": {"covered_lines": 28, "num_statements": 31, "percent_covered": 84.61538461538461, "percent_covered_display": "85", "missing_lines": 3, "excluded_lines": 0, "percent_statements_covered": 90.3225806451613, "percent_statements_covered_display": "90", "num_branches": 8, "num_partial_branches": 3, "covered_branches": 5, "missing_branches": 3, "percent_branches_covered": 62.5, "percent_branches_covered_display": "62"}, "missing_lines": [47, 49, 51], "excluded_lines": [], "start_line": 1, "executed_branches": [[44, 45], [44, 46], [46, 48], [48, 50], [50, 53]], "missing_branches": [[46, 47], [48, 49], [50, 51]]}}}, "src/inv_man_intake/audit/repository.py": {"executed_lines": [3, 5, 6, 8, 11, 12, 15, 17, 19, 20, 21, 23, 39, 52, 54, 61, 63, 65, 67], "summary": {"covered_lines": 19, "num_statements": 23, "percent_covered": 77.77777777777777, "percent_covered_display": "78", "missing_lines": 4, "excluded_lines": 0, "percent_statements_covered": 82.6086956521739, "percent_statements_covered_display": "83", "num_branches": 4, "num_partial_branches": 0, "covered_branches": 2, "missing_branches": 2, "percent_branches_covered": 50.0, "percent_branches_covered_display": "50"}, "missing_lines": [56, 57, 58, 59], "excluded_lines": [], "executed_branches": [[19, 20], [19, 21]], "missing_branches": [[57, 58], [57, 59]], "functions": {"QueueAuditRepository.append": {"executed_lines": [19, 20, 21], "summary": {"covered_lines": 3, "num_statements": 3, "percent_covered": 100.0, "percent_covered_display": "100", "missing_lines": 0, "excluded_lines": 0, "percent_statements_covered": 100.0, "percent_statements_covered_display": "100", "num_branches": 2, "num_partial_branches": 0, "covered_branches": 2, "missing_branches": 0, "percent_branches_covered": 100.0, "percent_branches_covered_display": "100"}, "missing_lines": [], "excluded_lines": [], "start_line": 17, "executed_branches": [[19, 20], [19, 21]], "missing_branches": []}, "QueueAuditRepository.append_queue_action": {"executed_lines": [39, 52], "summary": {"covered_lines": 2, "num_statements": 2, "percent_covered": 100.0, "percent_covered_display": "100", "missing_lines": 0, "excluded_lines": 0, "percent_statements_covered": 100.0, "percent_statements_covered_display": "100", "num_branches": 0, "num_partial_branches": 0, "covered_branches": 0, "missing_branches": 0, "percent_branches_covered": 100.0, "percent_branches_covered_display": "100"}, "missing_lines": [], "excluded_lines": [], "start_line": 23, "executed_branches": [], "missing_branches": []}, "QueueAuditRepository.extend": {"executed_lines": [], "summary": {"covered_lines": 0, "num_statements": 4, "percent_covered": 0.0, "percent_covered_display": "0", "missing_lines": 4, "excluded_lines": 0, "percent_statements_covered": 0.0, "percent_statements_covered_display": "0", "num_branches": 2, "num_partial_branches": 0, "covered_branches": 0, "missing_branches": 2, "percent_branches_covered": 0.0, "percent_branches_covered_display": "0"}, "missing_lines": [56, 57, 58, 59], "excluded_lines": [], "start_line": 54, "executed_branches": [], "missing_branches": [[57, 58], [57, 59]]}, "QueueAuditRepository.list_for_item": {"executed_lines": [63], "summary": {"covered_lines": 1, "num_statements": 1, "percent_covered": 100.0, "percent_covered_display": "100", "missing_lines": 0, "excluded_lines": 0, "percent_statements_covered": 100.0, "percent_statements_covered_display": "100", "num_branches": 0, "num_partial_branches": 0, "covered_branches": 0, "missing_branches": 0, "percent_branches_covered": 100.0, "percent_branches_covered_display": "100"}, "missing_lines": [], "excluded_lines": [], "start_line": 61, "executed_branches": [], "missing_branches": []}, "QueueAuditRepository.all_events": {"executed_lines": [67], "summary": {"covered_lines": 1, "num_statements": 1, "percent_covered": 100.0, "percent_covered_display": "100", "missing_lines": 0, "excluded_lines": 0, "percent_statements_covered": 100.0, "percent_statements_covered_display": "100", "num_branches": 0, "num_partial_branches": 0, "covered_branches": 0, "missing_branches": 0, "percent_branches_covered": 100.0, "percent_branches_covered_display": "100"}, "missing_lines": [], "excluded_lines": [], "start_line": 65, "executed_branches": [], "missing_branches": []}, "": {"executed_lines": [3, 5, 6, 8, 11, 12, 15, 17, 23, 54, 61, 65], "summary": {"covered_lines": 12, "num_statements": 12, "percent_covered": 100.0, "percent_covered_display": "100", "missing_lines": 0, "excluded_lines": 0, "percent_statements_covered": 100.0, "percent_statements_covered_display": "100", "num_branches": 0, "num_partial_branches": 0, "covered_branches": 0, "missing_branches": 0, "percent_branches_covered": 100.0, "percent_branches_covered_display": "100"}, "missing_lines": [], "excluded_lines": [], "start_line": 1, "executed_branches": [], "missing_branches": []}}, "classes": {"QueueAuditRepository": {"executed_lines": [19, 20, 21, 39, 52, 63, 67], "summary": {"covered_lines": 7, "num_statements": 11, "percent_covered": 60.0, "percent_covered_display": "60", "missing_lines": 4, "excluded_lines": 0, "percent_statements_covered": 63.63636363636363, "percent_statements_covered_display": "64", "num_branches": 4, "num_partial_branches": 0, "covered_branches": 2, "missing_branches": 2, "percent_branches_covered": 50.0, "percent_branches_covered_display": "50"}, "missing_lines": [56, 57, 58, 59], "excluded_lines": [], "start_line": 12, "executed_branches": [[19, 20], [19, 21]], "missing_branches": [[57, 58], [57, 59]]}, "": {"executed_lines": [3, 5, 6, 8, 11, 12, 15, 17, 23, 54, 61, 65], "summary": {"covered_lines": 12, "num_statements": 12, "percent_covered": 100.0, "percent_covered_display": "100", "missing_lines": 0, "excluded_lines": 0, "percent_statements_covered": 100.0, "percent_statements_covered_display": "100", "num_branches": 0, "num_partial_branches": 0, "covered_branches": 0, "missing_branches": 0, "percent_branches_covered": 100.0, "percent_branches_covered_display": "100"}, "missing_lines": [], "excluded_lines": [], "start_line": 1, "executed_branches": [], "missing_branches": []}}}, "src/inv_man_intake/contracts/__init__.py": {"executed_lines": [3, 9], "summary": {"covered_lines": 2, "num_statements": 2, "percent_covered": 100.0, "percent_covered_display": "100", "missing_lines": 0, "excluded_lines": 0, "percent_statements_covered": 100.0, "percent_statements_covered_display": "100", "num_branches": 0, "num_partial_branches": 0, "covered_branches": 0, "missing_branches": 0, "percent_branches_covered": 100.0, "percent_branches_covered_display": "100"}, "missing_lines": [], "excluded_lines": [], "executed_branches": [], "missing_branches": [], "functions": {"": {"executed_lines": [3, 9], "summary": {"covered_lines": 2, "num_statements": 2, "percent_covered": 100.0, "percent_covered_display": "100", "missing_lines": 0, "excluded_lines": 0, "percent_statements_covered": 100.0, "percent_statements_covered_display": "100", "num_branches": 0, "num_partial_branches": 0, "covered_branches": 0, "missing_branches": 0, "percent_branches_covered": 100.0, "percent_branches_covered_display": "100"}, "missing_lines": [], "excluded_lines": [], "start_line": 1, "executed_branches": [], "missing_branches": []}}, "classes": {"": {"executed_lines": [3, 9], "summary": {"covered_lines": 2, "num_statements": 2, "percent_covered": 100.0, "percent_covered_display": "100", "missing_lines": 0, "excluded_lines": 0, "percent_statements_covered": 100.0, "percent_statements_covered_display": "100", "num_branches": 0, "num_partial_branches": 0, "covered_branches": 0, "missing_branches": 0, "percent_branches_covered": 100.0, "percent_branches_covered_display": "100"}, "missing_lines": [], "excluded_lines": [], "start_line": 1, "executed_branches": [], "missing_branches": []}}}, "src/inv_man_intake/contracts/intake_contract.py": {"executed_lines": [3, 5, 6, 7, 8, 10, 11, 12, 13, 19, 28, 29, 34, 35, 38, 39, 40, 41, 44, 45, 48, 49, 50, 53, 54, 57, 59, 60, 62, 63, 64, 66, 67, 68, 71, 73, 74, 76, 77, 81, 84, 85, 86, 87, 90, 102, 103, 105, 106, 113, 117, 118, 120, 121, 129, 130, 131, 132, 140, 141, 142, 153, 154, 155, 163, 164, 171, 175, 176, 177, 178, 179, 186, 188, 189, 191, 192, 199, 201, 202, 210, 211, 212, 222, 224, 225, 227, 228, 229, 238, 239, 247], "summary": {"covered_lines": 92, "num_statements": 96, "percent_covered": 97.05882352941177, "percent_covered_display": "97", "missing_lines": 4, "excluded_lines": 0, "percent_statements_covered": 95.83333333333333, "percent_statements_covered_display": "96", "num_branches": 40, "num_partial_branches": 0, "covered_branches": 40, "missing_branches": 0, "percent_branches_covered": 100.0, "percent_branches_covered_display": "100"}, "missing_lines": [69, 70, 78, 79], "excluded_lines": [], "executed_branches": [[59, 60], [59, 62], [63, 64], [63, 66], [66, 67], [66, 73], [73, 74], [73, 76], [85, 86], [85, 87], [105, 106], [105, 117], [120, 121], [120, 129], [129, 130], [129, 140], [131, 129], [131, 132], [141, 142], [141, 153], [154, 155], [154, 163], [163, 164], [163, 175], [176, 177], [176, 238], [178, 179], [178, 188], [191, 192], [191, 201], [201, 202], [201, 210], [211, 212], [211, 224], [224, 225], [224, 227], [228, 176], [228, 229], [238, 239], [238, 247]], "missing_branches": [], "functions": {"_as_str": {"executed_lines": [54], "summary": {"covered_lines": 1, "num_statements": 1, "percent_covered": 100.0, "percent_covered_display": "100", "missing_lines": 0, "excluded_lines": 0, "percent_statements_covered": 100.0, "percent_statements_covered_display": "100", "num_branches": 0, "num_partial_branches": 0, "covered_branches": 0, "missing_branches": 0, "percent_branches_covered": 100.0, "percent_branches_covered_display": "100"}, "missing_lines": [], "excluded_lines": [], "start_line": 53, "executed_branches": [], "missing_branches": []}, "_validate_received_at": {"executed_lines": [59, 60, 62, 63, 64, 66, 67, 68, 71, 73, 74, 76, 77, 81], "summary": {"covered_lines": 14, "num_statements": 18, "percent_covered": 84.61538461538461, "percent_covered_display": "85", "missing_lines": 4, "excluded_lines": 0, "percent_statements_covered": 77.77777777777777, "percent_statements_covered_display": "78", "num_branches": 8, "num_partial_branches": 0, "covered_branches": 8, "missing_branches": 0, "percent_branches_covered": 100.0, "percent_branches_covered_display": "100"}, "missing_lines": [69, 70, 78, 79], "excluded_lines": [], "start_line": 57, "executed_branches": [[59, 60], [59, 62], [63, 64], [63, 66], [66, 67], [66, 73], [73, 74], [73, 76]], "missing_branches": []}, "_file_extension": {"executed_lines": [85, 86, 87], "summary": {"covered_lines": 3, "num_statements": 3, "percent_covered": 100.0, "percent_covered_display": "100", "missing_lines": 0, "excluded_lines": 0, "percent_statements_covered": 100.0, "percent_statements_covered_display": "100", "num_branches": 2, "num_partial_branches": 0, "covered_branches": 2, "missing_branches": 0, "percent_branches_covered": 100.0, "percent_branches_covered_display": "100"}, "missing_lines": [], "excluded_lines": [], "start_line": 84, "executed_branches": [[85, 86], [85, 87]], "missing_branches": []}, "validate_intake_payload": {"executed_lines": [102, 103, 105, 106, 113, 117, 118, 120, 121, 129, 130, 131, 132, 140, 141, 142, 153, 154, 155, 163, 164, 171, 175, 176, 177, 178, 179, 186, 188, 189, 191, 192, 199, 201, 202, 210, 211, 212, 222, 224, 225, 227, 228, 229, 238, 239, 247], "summary": {"covered_lines": 47, "num_statements": 47, "percent_covered": 100.0, "percent_covered_display": "100", "missing_lines": 0, "excluded_lines": 0, "percent_statements_covered": 100.0, "percent_statements_covered_display": "100", "num_branches": 30, "num_partial_branches": 0, "covered_branches": 30, "missing_branches": 0, "percent_branches_covered": 100.0, "percent_branches_covered_display": "100"}, "missing_lines": [], "excluded_lines": [], "start_line": 90, "executed_branches": [[105, 106], [105, 117], [120, 121], [120, 129], [129, 130], [129, 140], [131, 129], [131, 132], [141, 142], [141, 153], [154, 155], [154, 163], [163, 164], [163, 175], [176, 177], [176, 238], [178, 179], [178, 188], [191, 192], [191, 201], [201, 202], [201, 210], [211, 212], [211, 224], [224, 225], [224, 227], [228, 176], [228, 229], [238, 239], [238, 247]], "missing_branches": []}, "": {"executed_lines": [3, 5, 6, 7, 8, 10, 11, 12, 13, 19, 28, 29, 34, 35, 38, 39, 40, 41, 44, 45, 48, 49, 50, 53, 57, 84, 90], "summary": {"covered_lines": 27, "num_statements": 27, "percent_covered": 100.0, "percent_covered_display": "100", "missing_lines": 0, "excluded_lines": 0, "percent_statements_covered": 100.0, "percent_statements_covered_display": "100", "num_branches": 0, "num_partial_branches": 0, "covered_branches": 0, "missing_branches": 0, "percent_branches_covered": 100.0, "percent_branches_covered_display": "100"}, "missing_lines": [], "excluded_lines": [], "start_line": 1, "executed_branches": [], "missing_branches": []}}, "classes": {"IntakeValidationIssue": {"executed_lines": [], "summary": {"covered_lines": 0, "num_statements": 0, "percent_covered": 100.0, "percent_covered_display": "100", "missing_lines": 0, "excluded_lines": 0, "percent_statements_covered": 100.0, "percent_statements_covered_display": "100", "num_branches": 0, "num_partial_branches": 0, "covered_branches": 0, "missing_branches": 0, "percent_branches_covered": 100.0, "percent_branches_covered_display": "100"}, "missing_lines": [], "excluded_lines": [], "start_line": 35, "executed_branches": [], "missing_branches": []}, "IntakeValidationResult": {"executed_lines": [], "summary": {"covered_lines": 0, "num_statements": 0, "percent_covered": 100.0, "percent_covered_display": "100", "missing_lines": 0, "excluded_lines": 0, "percent_statements_covered": 100.0, "percent_statements_covered_display": "100", "num_branches": 0, "num_partial_branches": 0, "covered_branches": 0, "missing_branches": 0, "percent_branches_covered": 100.0, "percent_branches_covered_display": "100"}, "missing_lines": [], "excluded_lines": [], "start_line": 45, "executed_branches": [], "missing_branches": []}, "": {"executed_lines": [3, 5, 6, 7, 8, 10, 11, 12, 13, 19, 28, 29, 34, 35, 38, 39, 40, 41, 44, 45, 48, 49, 50, 53, 54, 57, 59, 60, 62, 63, 64, 66, 67, 68, 71, 73, 74, 76, 77, 81, 84, 85, 86, 87, 90, 102, 103, 105, 106, 113, 117, 118, 120, 121, 129, 130, 131, 132, 140, 141, 142, 153, 154, 155, 163, 164, 171, 175, 176, 177, 178, 179, 186, 188, 189, 191, 192, 199, 201, 202, 210, 211, 212, 222, 224, 225, 227, 228, 229, 238, 239, 247], "summary": {"covered_lines": 92, "num_statements": 96, "percent_covered": 97.05882352941177, "percent_covered_display": "97", "missing_lines": 4, "excluded_lines": 0, "percent_statements_covered": 95.83333333333333, "percent_statements_covered_display": "96", "num_branches": 40, "num_partial_branches": 0, "covered_branches": 40, "missing_branches": 0, "percent_branches_covered": 100.0, "percent_branches_covered_display": "100"}, "missing_lines": [69, 70, 78, 79], "excluded_lines": [], "start_line": 1, "executed_branches": [[59, 60], [59, 62], [63, 64], [63, 66], [66, 67], [66, 73], [73, 74], [73, 76], [85, 86], [85, 87], [105, 106], [105, 117], [120, 121], [120, 129], [129, 130], [129, 140], [131, 129], [131, 132], [141, 142], [141, 153], [154, 155], [154, 163], [163, 164], [163, 175], [176, 177], [176, 238], [178, 179], [178, 188], [191, 192], [191, 201], [201, 202], [201, 210], [211, 212], [211, 224], [224, 225], [224, 227], [228, 176], [228, 229], [238, 239], [238, 247]], "missing_branches": []}}}, "src/inv_man_intake/data/__init__.py": {"executed_lines": [], "summary": {"covered_lines": 0, "num_statements": 0, "percent_covered": 100.0, "percent_covered_display": "100", "missing_lines": 0, "excluded_lines": 0, "percent_statements_covered": 100.0, "percent_statements_covered_display": "100", "num_branches": 0, "num_partial_branches": 0, "covered_branches": 0, "missing_branches": 0, "percent_branches_covered": 100.0, "percent_branches_covered_display": "100"}, "missing_lines": [], "excluded_lines": [], "executed_branches": [], "missing_branches": [], "functions": {"": {"executed_lines": [], "summary": {"covered_lines": 0, "num_statements": 0, "percent_covered": 100.0, "percent_covered_display": "100", "missing_lines": 0, "excluded_lines": 0, "percent_statements_covered": 100.0, "percent_statements_covered_display": "100", "num_branches": 0, "num_partial_branches": 0, "covered_branches": 0, "missing_branches": 0, "percent_branches_covered": 100.0, "percent_branches_covered_display": "100"}, "missing_lines": [], "excluded_lines": [], "start_line": 1, "executed_branches": [], "missing_branches": []}}, "classes": {"": {"executed_lines": [], "summary": {"covered_lines": 0, "num_statements": 0, "percent_covered": 100.0, "percent_covered_display": "100", "missing_lines": 0, "excluded_lines": 0, "percent_statements_covered": 100.0, "percent_statements_covered_display": "100", "num_branches": 0, "num_partial_branches": 0, "covered_branches": 0, "missing_branches": 0, "percent_branches_covered": 100.0, "percent_branches_covered_display": "100"}, "missing_lines": [], "excluded_lines": [], "start_line": 1, "executed_branches": [], "missing_branches": []}}}, "src/inv_man_intake/data/fixtures.py": {"executed_lines": [3, 5, 6, 7, 8, 10, 11, 25, 27, 28, 29, 31, 34, 36, 37, 38, 39, 42, 44, 45, 46, 51, 52, 67, 68, 86, 88, 91, 94, 96, 97, 98, 99, 102, 104, 105, 107, 108, 109, 110, 111, 113, 114, 115, 116, 118, 119, 120, 121, 122, 124, 125, 127], "summary": {"covered_lines": 53, "num_statements": 54, "percent_covered": 97.29729729729729, "percent_covered_display": "97", "missing_lines": 1, "excluded_lines": 0, "percent_statements_covered": 98.14814814814815, "percent_statements_covered_display": "98", "num_branches": 20, "num_partial_branches": 1, "covered_branches": 19, "missing_branches": 1, "percent_branches_covered": 95.0, "percent_branches_covered_display": "95"}, "missing_lines": [30], "excluded_lines": [], "executed_branches": [[29, 31], [45, 46], [45, 51], [51, 52], [51, 67], [67, -42], [67, 68], [97, 98], [97, 99], [107, 108], [107, 127], [109, 110], [109, 113], [114, 115], [114, 118], [120, 121], [120, 124], [124, 107], [124, 125]], "missing_branches": [[29, 30]], "functions": {"load_seed_fixture": {"executed_lines": [27, 28, 29, 31], "summary": {"covered_lines": 4, "num_statements": 5, "percent_covered": 71.42857142857143, "percent_covered_display": "71", "missing_lines": 1, "excluded_lines": 0, "percent_statements_covered": 80.0, "percent_statements_covered_display": "80", "num_branches": 2, "num_partial_branches": 1, "covered_branches": 1, "missing_branches": 1, "percent_branches_covered": 50.0, "percent_branches_covered_display": "50"}, "missing_lines": [30], "excluded_lines": [], "start_line": 25, "executed_branches": [[29, 31]], "missing_branches": [[29, 30]]}, "reset_core_seed_tables": {"executed_lines": [36, 37, 38, 39], "summary": {"covered_lines": 4, "num_statements": 4, "percent_covered": 100.0, "percent_covered_display": "100", "missing_lines": 0, "excluded_lines": 0, "percent_statements_covered": 100.0, "percent_statements_covered_display": "100", "num_branches": 0, "num_partial_branches": 0, "covered_branches": 0, "missing_branches": 0, "percent_branches_covered": 100.0, "percent_branches_covered_display": "100"}, "missing_lines": [], "excluded_lines": [], "start_line": 34, "executed_branches": [], "missing_branches": []}, "load_core_seed_rows": {"executed_lines": [44, 45, 46, 51, 52, 67, 68], "summary": {"covered_lines": 7, "num_statements": 7, "percent_covered": 100.0, "percent_covered_display": "100", "missing_lines": 0, "excluded_lines": 0, "percent_statements_covered": 100.0, "percent_statements_covered_display": "100", "num_branches": 6, "num_partial_branches": 0, "covered_branches": 6, "missing_branches": 0, "percent_branches_covered": 100.0, "percent_branches_covered_display": "100"}, "missing_lines": [], "excluded_lines": [], "start_line": 42, "executed_branches": [[45, 46], [45, 51], [51, 52], [51, 67], [67, -42], [67, 68]], "missing_branches": []}, "correction_history_for_pointer": {"executed_lines": [88, 91], "summary": {"covered_lines": 2, "num_statements": 2, "percent_covered": 100.0, "percent_covered_display": "100", "missing_lines": 0, "excluded_lines": 0, "percent_statements_covered": 100.0, "percent_statements_covered_display": "100", "num_branches": 0, "num_partial_branches": 0, "covered_branches": 0, "missing_branches": 0, "percent_branches_covered": 100.0, "percent_branches_covered_display": "100"}, "missing_lines": [], "excluded_lines": [], "start_line": 86, "executed_branches": [], "missing_branches": []}, "latest_correction_for_pointer": {"executed_lines": [96, 97, 98, 99], "summary": {"covered_lines": 4, "num_statements": 4, "percent_covered": 100.0, "percent_covered_display": "100", "missing_lines": 0, "excluded_lines": 0, "percent_statements_covered": 100.0, "percent_statements_covered_display": "100", "num_branches": 2, "num_partial_branches": 0, "covered_branches": 2, "missing_branches": 0, "percent_branches_covered": 100.0, "percent_branches_covered_display": "100"}, "missing_lines": [], "excluded_lines": [], "start_line": 94, "executed_branches": [[97, 98], [97, 99]], "missing_branches": []}, "validate_provenance_pointers": {"executed_lines": [104, 105, 107, 108, 109, 110, 111, 113, 114, 115, 116, 118, 119, 120, 121, 122, 124, 125, 127], "summary": {"covered_lines": 19, "num_statements": 19, "percent_covered": 100.0, "percent_covered_display": "100", "missing_lines": 0, "excluded_lines": 0, "percent_statements_covered": 100.0, "percent_statements_covered_display": "100", "num_branches": 10, "num_partial_branches": 0, "covered_branches": 10, "missing_branches": 0, "percent_branches_covered": 100.0, "percent_branches_covered_display": "100"}, "missing_lines": [], "excluded_lines": [], "start_line": 102, "executed_branches": [[107, 108], [107, 127], [109, 110], [109, 113], [114, 115], [114, 118], [120, 121], [120, 124], [124, 107], [124, 125]], "missing_branches": []}, "": {"executed_lines": [3, 5, 6, 7, 8, 10, 11, 25, 34, 42, 86, 94, 102], "summary": {"covered_lines": 13, "num_statements": 13, "percent_covered": 100.0, "percent_covered_display": "100", "missing_lines": 0, "excluded_lines": 0, "percent_statements_covered": 100.0, "percent_statements_covered_display": "100", "num_branches": 0, "num_partial_branches": 0, "covered_branches": 0, "missing_branches": 0, "percent_branches_covered": 100.0, "percent_branches_covered_display": "100"}, "missing_lines": [], "excluded_lines": [], "start_line": 1, "executed_branches": [], "missing_branches": []}}, "classes": {"": {"executed_lines": [3, 5, 6, 7, 8, 10, 11, 25, 27, 28, 29, 31, 34, 36, 37, 38, 39, 42, 44, 45, 46, 51, 52, 67, 68, 86, 88, 91, 94, 96, 97, 98, 99, 102, 104, 105, 107, 108, 109, 110, 111, 113, 114, 115, 116, 118, 119, 120, 121, 122, 124, 125, 127], "summary": {"covered_lines": 53, "num_statements": 54, "percent_covered": 97.29729729729729, "percent_covered_display": "97", "missing_lines": 1, "excluded_lines": 0, "percent_statements_covered": 98.14814814814815, "percent_statements_covered_display": "98", "num_branches": 20, "num_partial_branches": 1, "covered_branches": 19, "missing_branches": 1, "percent_branches_covered": 95.0, "percent_branches_covered_display": "95"}, "missing_lines": [30], "excluded_lines": [], "start_line": 1, "executed_branches": [[29, 31], [45, 46], [45, 51], [51, 52], [51, 67], [67, -42], [67, 68], [97, 98], [97, 99], [107, 108], [107, 127], [109, 110], [109, 113], [114, 115], [114, 118], [120, 121], [120, 124], [124, 107], [124, 125]], "missing_branches": [[29, 30]]}}}, "src/inv_man_intake/data/migrations/__init__.py": {"executed_lines": [3, 5], "summary": {"covered_lines": 2, "num_statements": 2, "percent_covered": 100.0, "percent_covered_display": "100", "missing_lines": 0, "excluded_lines": 0, "percent_statements_covered": 100.0, "percent_statements_covered_display": "100", "num_branches": 0, "num_partial_branches": 0, "covered_branches": 0, "missing_branches": 0, "percent_branches_covered": 100.0, "percent_branches_covered_display": "100"}, "missing_lines": [], "excluded_lines": [], "executed_branches": [], "missing_branches": [], "functions": {"": {"executed_lines": [3, 5], "summary": {"covered_lines": 2, "num_statements": 2, "percent_covered": 100.0, "percent_covered_display": "100", "missing_lines": 0, "excluded_lines": 0, "percent_statements_covered": 100.0, "percent_statements_covered_display": "100", "num_branches": 0, "num_partial_branches": 0, "covered_branches": 0, "missing_branches": 0, "percent_branches_covered": 100.0, "percent_branches_covered_display": "100"}, "missing_lines": [], "excluded_lines": [], "start_line": 1, "executed_branches": [], "missing_branches": []}}, "classes": {"": {"executed_lines": [3, 5], "summary": {"covered_lines": 2, "num_statements": 2, "percent_covered": 100.0, "percent_covered_display": "100", "missing_lines": 0, "excluded_lines": 0, "percent_statements_covered": 100.0, "percent_statements_covered_display": "100", "num_branches": 0, "num_partial_branches": 0, "covered_branches": 0, "missing_branches": 0, "percent_branches_covered": 100.0, "percent_branches_covered_display": "100"}, "missing_lines": [], "excluded_lines": [], "start_line": 1, "executed_branches": [], "missing_branches": []}}}, "src/inv_man_intake/data/migrations/core_schema.py": {"executed_lines": [3, 5, 6, 8, 9, 12, 18, 23, 26, 28, 29, 32, 34, 35], "summary": {"covered_lines": 14, "num_statements": 14, "percent_covered": 100.0, "percent_covered_display": "100", "missing_lines": 0, "excluded_lines": 0, "percent_statements_covered": 100.0, "percent_statements_covered_display": "100", "num_branches": 0, "num_partial_branches": 0, "covered_branches": 0, "missing_branches": 0, "percent_branches_covered": 100.0, "percent_branches_covered_display": "100"}, "missing_lines": [], "excluded_lines": [], "executed_branches": [], "missing_branches": [], "functions": {"_read_sql": {"executed_lines": [18, 23], "summary": {"covered_lines": 2, "num_statements": 2, "percent_covered": 100.0, "percent_covered_display": "100", "missing_lines": 0, "excluded_lines": 0, "percent_statements_covered": 100.0, "percent_statements_covered_display": "100", "num_branches": 0, "num_partial_branches": 0, "covered_branches": 0, "missing_branches": 0, "percent_branches_covered": 100.0, "percent_branches_covered_display": "100"}, "missing_lines": [], "excluded_lines": [], "start_line": 12, "executed_branches": [], "missing_branches": []}, "apply_core_schema": {"executed_lines": [28, 29], "summary": {"covered_lines": 2, "num_statements": 2, "percent_covered": 100.0, "percent_covered_display": "100", "missing_lines": 0, "excluded_lines": 0, "percent_statements_covered": 100.0, "percent_statements_covered_display": "100", "num_branches": 0, "num_partial_branches": 0, "covered_branches": 0, "missing_branches": 0, "percent_branches_covered": 100.0, "percent_branches_covered_display": "100"}, "missing_lines": [], "excluded_lines": [], "start_line": 26, "executed_branches": [], "missing_branches": []}, "rollback_core_schema": {"executed_lines": [34, 35], "summary": {"covered_lines": 2, "num_statements": 2, "percent_covered": 100.0, "percent_covered_display": "100", "missing_lines": 0, "excluded_lines": 0, "percent_statements_covered": 100.0, "percent_statements_covered_display": "100", "num_branches": 0, "num_partial_branches": 0, "covered_branches": 0, "missing_branches": 0, "percent_branches_covered": 100.0, "percent_branches_covered_display": "100"}, "missing_lines": [], "excluded_lines": [], "start_line": 32, "executed_branches": [], "missing_branches": []}, "": {"executed_lines": [3, 5, 6, 8, 9, 12, 26, 32], "summary": {"covered_lines": 8, "num_statements": 8, "percent_covered": 100.0, "percent_covered_display": "100", "missing_lines": 0, "excluded_lines": 0, "percent_statements_covered": 100.0, "percent_statements_covered_display": "100", "num_branches": 0, "num_partial_branches": 0, "covered_branches": 0, "missing_branches": 0, "percent_branches_covered": 100.0, "percent_branches_covered_display": "100"}, "missing_lines": [], "excluded_lines": [], "start_line": 1, "executed_branches": [], "missing_branches": []}}, "classes": {"": {"executed_lines": [3, 5, 6, 8, 9, 12, 18, 23, 26, 28, 29, 32, 34, 35], "summary": {"covered_lines": 14, "num_statements": 14, "percent_covered": 100.0, "percent_covered_display": "100", "missing_lines": 0, "excluded_lines": 0, "percent_statements_covered": 100.0, "percent_statements_covered_display": "100", "num_branches": 0, "num_partial_branches": 0, "covered_branches": 0, "missing_branches": 0, "percent_branches_covered": 100.0, "percent_branches_covered_display": "100"}, "missing_lines": [], "excluded_lines": [], "start_line": 1, "executed_branches": [], "missing_branches": []}}}, "src/inv_man_intake/data/migrations/provenance_history.py": {"executed_lines": [3, 5, 6, 8, 9, 12, 13, 18, 21, 23, 26, 27, 31, 32, 35], "summary": {"covered_lines": 15, "num_statements": 17, "percent_covered": 89.47368421052632, "percent_covered_display": "89", "missing_lines": 2, "excluded_lines": 0, "percent_statements_covered": 88.23529411764706, "percent_statements_covered_display": "88", "num_branches": 2, "num_partial_branches": 0, "covered_branches": 2, "missing_branches": 0, "percent_branches_covered": 100.0, "percent_branches_covered_display": "100"}, "missing_lines": [37, 38], "excluded_lines": [], "executed_branches": [[26, 27], [26, 31]], "missing_branches": [], "functions": {"_read_sql": {"executed_lines": [13, 18], "summary": {"covered_lines": 2, "num_statements": 2, "percent_covered": 100.0, "percent_covered_display": "100", "missing_lines": 0, "excluded_lines": 0, "percent_statements_covered": 100.0, "percent_statements_covered_display": "100", "num_branches": 0, "num_partial_branches": 0, "covered_branches": 0, "missing_branches": 0, "percent_branches_covered": 100.0, "percent_branches_covered_display": "100"}, "missing_lines": [], "excluded_lines": [], "start_line": 12, "executed_branches": [], "missing_branches": []}, "apply_provenance_history_schema": {"executed_lines": [23, 26, 27, 31, 32], "summary": {"covered_lines": 5, "num_statements": 5, "percent_covered": 100.0, "percent_covered_display": "100", "missing_lines": 0, "excluded_lines": 0, "percent_statements_covered": 100.0, "percent_statements_covered_display": "100", "num_branches": 2, "num_partial_branches": 0, "covered_branches": 2, "missing_branches": 0, "percent_branches_covered": 100.0, "percent_branches_covered_display": "100"}, "missing_lines": [], "excluded_lines": [], "start_line": 21, "executed_branches": [[26, 27], [26, 31]], "missing_branches": []}, "rollback_provenance_history_schema": {"executed_lines": [], "summary": {"covered_lines": 0, "num_statements": 2, "percent_covered": 0.0, "percent_covered_display": "0", "missing_lines": 2, "excluded_lines": 0, "percent_statements_covered": 0.0, "percent_statements_covered_display": "0", "num_branches": 0, "num_partial_branches": 0, "covered_branches": 0, "missing_branches": 0, "percent_branches_covered": 100.0, "percent_branches_covered_display": "100"}, "missing_lines": [37, 38], "excluded_lines": [], "start_line": 35, "executed_branches": [], "missing_branches": []}, "": {"executed_lines": [3, 5, 6, 8, 9, 12, 21, 35], "summary": {"covered_lines": 8, "num_statements": 8, "percent_covered": 100.0, "percent_covered_display": "100", "missing_lines": 0, "excluded_lines": 0, "percent_statements_covered": 100.0, "percent_statements_covered_display": "100", "num_branches": 0, "num_partial_branches": 0, "covered_branches": 0, "missing_branches": 0, "percent_branches_covered": 100.0, "percent_branches_covered_display": "100"}, "missing_lines": [], "excluded_lines": [], "start_line": 1, "executed_branches": [], "missing_branches": []}}, "classes": {"": {"executed_lines": [3, 5, 6, 8, 9, 12, 13, 18, 21, 23, 26, 27, 31, 32, 35], "summary": {"covered_lines": 15, "num_statements": 17, "percent_covered": 89.47368421052632, "percent_covered_display": "89", "missing_lines": 2, "excluded_lines": 0, "percent_statements_covered": 88.23529411764706, "percent_statements_covered_display": "88", "num_branches": 2, "num_partial_branches": 0, "covered_branches": 2, "missing_branches": 0, "percent_branches_covered": 100.0, "percent_branches_covered_display": "100"}, "missing_lines": [37, 38], "excluded_lines": [], "start_line": 1, "executed_branches": [[26, 27], [26, 31]], "missing_branches": []}}}, "src/inv_man_intake/data/models.py": {"executed_lines": [3, 5, 8, 9, 12, 13, 14, 15, 18, 19, 22, 23, 24, 25, 26, 27, 30, 31, 34, 35, 36, 37, 38, 39, 40, 41], "summary": {"covered_lines": 26, "num_statements": 26, "percent_covered": 100.0, "percent_covered_display": "100", "missing_lines": 0, "excluded_lines": 0, "percent_statements_covered": 100.0, "percent_statements_covered_display": "100", "num_branches": 0, "num_partial_branches": 0, "covered_branches": 0, "missing_branches": 0, "percent_branches_covered": 100.0, "percent_branches_covered_display": "100"}, "missing_lines": [], "excluded_lines": [], "executed_branches": [], "missing_branches": [], "functions": {"": {"executed_lines": [3, 5, 8, 9, 12, 13, 14, 15, 18, 19, 22, 23, 24, 25, 26, 27, 30, 31, 34, 35, 36, 37, 38, 39, 40, 41], "summary": {"covered_lines": 26, "num_statements": 26, "percent_covered": 100.0, "percent_covered_display": "100", "missing_lines": 0, "excluded_lines": 0, "percent_statements_covered": 100.0, "percent_statements_covered_display": "100", "num_branches": 0, "num_partial_branches": 0, "covered_branches": 0, "missing_branches": 0, "percent_branches_covered": 100.0, "percent_branches_covered_display": "100"}, "missing_lines": [], "excluded_lines": [], "start_line": 1, "executed_branches": [], "missing_branches": []}}, "classes": {"Firm": {"executed_lines": [], "summary": {"covered_lines": 0, "num_statements": 0, "percent_covered": 100.0, "percent_covered_display": "100", "missing_lines": 0, "excluded_lines": 0, "percent_statements_covered": 100.0, "percent_statements_covered_display": "100", "num_branches": 0, "num_partial_branches": 0, "covered_branches": 0, "missing_branches": 0, "percent_branches_covered": 100.0, "percent_branches_covered_display": "100"}, "missing_lines": [], "excluded_lines": [], "start_line": 9, "executed_branches": [], "missing_branches": []}, "Fund": {"executed_lines": [], "summary": {"covered_lines": 0, "num_statements": 0, "percent_covered": 100.0, "percent_covered_display": "100", "missing_lines": 0, "excluded_lines": 0, "percent_statements_covered": 100.0, "percent_statements_covered_display": "100", "num_branches": 0, "num_partial_branches": 0, "covered_branches": 0, "missing_branches": 0, "percent_branches_covered": 100.0, "percent_branches_covered_display": "100"}, "missing_lines": [], "excluded_lines": [], "start_line": 19, "executed_branches": [], "missing_branches": []}, "Document": {"executed_lines": [], "summary": {"covered_lines": 0, "num_statements": 0, "percent_covered": 100.0, "percent_covered_display": "100", "missing_lines": 0, "excluded_lines": 0, "percent_statements_covered": 100.0, "percent_statements_covered_display": "100", "num_branches": 0, "num_partial_branches": 0, "covered_branches": 0, "missing_branches": 0, "percent_branches_covered": 100.0, "percent_branches_covered_display": "100"}, "missing_lines": [], "excluded_lines": [], "start_line": 31, "executed_branches": [], "missing_branches": []}, "": {"executed_lines": [3, 5, 8, 9, 12, 13, 14, 15, 18, 19, 22, 23, 24, 25, 26, 27, 30, 31, 34, 35, 36, 37, 38, 39, 40, 41], "summary": {"covered_lines": 26, "num_statements": 26, "percent_covered": 100.0, "percent_covered_display": "100", "missing_lines": 0, "excluded_lines": 0, "percent_statements_covered": 100.0, "percent_statements_covered_display": "100", "num_branches": 0, "num_partial_branches": 0, "covered_branches": 0, "missing_branches": 0, "percent_branches_covered": 100.0, "percent_branches_covered_display": "100"}, "missing_lines": [], "excluded_lines": [], "start_line": 1, "executed_branches": [], "missing_branches": []}}}, "src/inv_man_intake/data/provenance.py": {"executed_lines": [3, 5, 8, 9, 12, 13, 14, 15, 16, 17, 18, 19, 22, 23, 26, 27, 28, 29, 30, 31, 34, 35, 38, 39, 40, 41, 42, 43, 44, 45, 46, 47, 48], "summary": {"covered_lines": 33, "num_statements": 33, "percent_covered": 100.0, "percent_covered_display": "100", "missing_lines": 0, "excluded_lines": 0, "percent_statements_covered": 100.0, "percent_statements_covered_display": "100", "num_branches": 0, "num_partial_branches": 0, "covered_branches": 0, "missing_branches": 0, "percent_branches_covered": 100.0, "percent_branches_covered_display": "100"}, "missing_lines": [], "excluded_lines": [], "executed_branches": [], "missing_branches": [], "functions": {"": {"executed_lines": [3, 5, 8, 9, 12, 13, 14, 15, 16, 17, 18, 19, 22, 23, 26, 27, 28, 29, 30, 31, 34, 35, 38, 39, 40, 41, 42, 43, 44, 45, 46, 47, 48], "summary": {"covered_lines": 33, "num_statements": 33, "percent_covered": 100.0, "percent_covered_display": "100", "missing_lines": 0, "excluded_lines": 0, "percent_statements_covered": 100.0, "percent_statements_covered_display": "100", "num_branches": 0, "num_partial_branches": 0, "covered_branches": 0, "missing_branches": 0, "percent_branches_covered": 100.0, "percent_branches_covered_display": "100"}, "missing_lines": [], "excluded_lines": [], "start_line": 1, "executed_branches": [], "missing_branches": []}}, "classes": {"ExtractedFieldRecord": {"executed_lines": [], "summary": {"covered_lines": 0, "num_statements": 0, "percent_covered": 100.0, "percent_covered_display": "100", "missing_lines": 0, "excluded_lines": 0, "percent_statements_covered": 100.0, "percent_statements_covered_display": "100", "num_branches": 0, "num_partial_branches": 0, "covered_branches": 0, "missing_branches": 0, "percent_branches_covered": 100.0, "percent_branches_covered_display": "100"}, "missing_lines": [], "excluded_lines": [], "start_line": 9, "executed_branches": [], "missing_branches": []}, "CorrectionRecord": {"executed_lines": [], "summary": {"covered_lines": 0, "num_statements": 0, "percent_covered": 100.0, "percent_covered_display": "100", "missing_lines": 0, "excluded_lines": 0, "percent_statements_covered": 100.0, "percent_statements_covered_display": "100", "num_branches": 0, "num_partial_branches": 0, "covered_branches": 0, "missing_branches": 0, "percent_branches_covered": 100.0, "percent_branches_covered_display": "100"}, "missing_lines": [], "excluded_lines": [], "start_line": 23, "executed_branches": [], "missing_branches": []}, "VisualArtifactRecord": {"executed_lines": [], "summary": {"covered_lines": 0, "num_statements": 0, "percent_covered": 100.0, "percent_covered_display": "100", "missing_lines": 0, "excluded_lines": 0, "percent_statements_covered": 100.0, "percent_statements_covered_display": "100", "num_branches": 0, "num_partial_branches": 0, "covered_branches": 0, "missing_branches": 0, "percent_branches_covered": 100.0, "percent_branches_covered_display": "100"}, "missing_lines": [], "excluded_lines": [], "start_line": 35, "executed_branches": [], "missing_branches": []}, "": {"executed_lines": [3, 5, 8, 9, 12, 13, 14, 15, 16, 17, 18, 19, 22, 23, 26, 27, 28, 29, 30, 31, 34, 35, 38, 39, 40, 41, 42, 43, 44, 45, 46, 47, 48], "summary": {"covered_lines": 33, "num_statements": 33, "percent_covered": 100.0, "percent_covered_display": "100", "missing_lines": 0, "excluded_lines": 0, "percent_statements_covered": 100.0, "percent_statements_covered_display": "100", "num_branches": 0, "num_partial_branches": 0, "covered_branches": 0, "missing_branches": 0, "percent_branches_covered": 100.0, "percent_branches_covered_display": "100"}, "missing_lines": [], "excluded_lines": [], "start_line": 1, "executed_branches": [], "missing_branches": []}}}, "src/inv_man_intake/data/repository.py": {"executed_lines": [3, 5, 7, 8, 15, 18, 19, 20, 22, 23, 53, 55, 56, 60, 62, 63, 67, 69, 76, 77, 81, 82, 83, 85, 86, 100, 102, 103, 110, 112, 121, 122, 135, 136, 137, 139, 140, 156, 158, 159, 166, 168, 179, 180, 195, 196, 197, 199, 200, 208, 222, 224, 227, 228, 230, 238, 241, 244, 245, 247, 248, 264, 266, 274, 281, 283, 284, 285, 294, 295, 302, 303, 305, 309, 311, 313, 314, 322, 335, 338, 339, 341, 342, 363, 365, 366, 386, 388, 389, 398], "summary": {"covered_lines": 90, "num_statements": 94, "percent_covered": 92.85714285714286, "percent_covered_display": "93", "missing_lines": 4, "excluded_lines": 0, "percent_statements_covered": 95.74468085106383, "percent_statements_covered_display": "96", "num_branches": 18, "num_partial_branches": 4, "covered_branches": 14, "missing_branches": 4, "percent_branches_covered": 77.77777777777777, "percent_branches_covered_display": "78"}, "missing_lines": [68, 111, 167, 310], "excluded_lines": [], "executed_branches": [[67, 69], [81, 82], [81, 83], [110, 112], [135, 136], [135, 137], [166, 168], [195, 196], [195, 197], [227, 228], [227, 230], [302, 303], [302, 305], [309, 311]], "missing_branches": [[67, 68], [110, 111], [166, 167], [309, 310]], "functions": {"CoreRepository.__init__": {"executed_lines": [19, 20], "summary": {"covered_lines": 2, "num_statements": 2, "percent_covered": 100.0, "percent_covered_display": "100", "missing_lines": 0, "excluded_lines": 0, "percent_statements_covered": 100.0, "percent_statements_covered_display": "100", "num_branches": 0, "num_partial_branches": 0, "covered_branches": 0, "missing_branches": 0, "percent_branches_covered": 100.0, "percent_branches_covered_display": "100"}, "missing_lines": [], "excluded_lines": [], "start_line": 18, "executed_branches": [], "missing_branches": []}, "CoreRepository.ensure_core_schema": {"executed_lines": [23, 53], "summary": {"covered_lines": 2, "num_statements": 2, "percent_covered": 100.0, "percent_covered_display": "100", "missing_lines": 0, "excluded_lines": 0, "percent_statements_covered": 100.0, "percent_statements_covered_display": "100", "num_branches": 0, "num_partial_branches": 0, "covered_branches": 0, "missing_branches": 0, "percent_branches_covered": 100.0, "percent_branches_covered_display": "100"}, "missing_lines": [], "excluded_lines": [], "start_line": 22, "executed_branches": [], "missing_branches": []}, "CoreRepository.create_firm": {"executed_lines": [56, 60], "summary": {"covered_lines": 2, "num_statements": 2, "percent_covered": 100.0, "percent_covered_display": "100", "missing_lines": 0, "excluded_lines": 0, "percent_statements_covered": 100.0, "percent_statements_covered_display": "100", "num_branches": 0, "num_partial_branches": 0, "covered_branches": 0, "missing_branches": 0, "percent_branches_covered": 100.0, "percent_branches_covered_display": "100"}, "missing_lines": [], "excluded_lines": [], "start_line": 55, "executed_branches": [], "missing_branches": []}, "CoreRepository.get_firm": {"executed_lines": [63, 67, 69], "summary": {"covered_lines": 3, "num_statements": 4, "percent_covered": 66.66666666666667, "percent_covered_display": "67", "missing_lines": 1, "excluded_lines": 0, "percent_statements_covered": 75.0, "percent_statements_covered_display": "75", "num_branches": 2, "num_partial_branches": 1, "covered_branches": 1, "missing_branches": 1, "percent_branches_covered": 50.0, "percent_branches_covered_display": "50"}, "missing_lines": [68], "excluded_lines": [], "start_line": 62, "executed_branches": [[67, 69]], "missing_branches": [[67, 68]]}, "CoreRepository.update_firm_aliases": {"executed_lines": [77, 81, 82, 83], "summary": {"covered_lines": 4, "num_statements": 4, "percent_covered": 100.0, "percent_covered_display": "100", "missing_lines": 0, "excluded_lines": 0, "percent_statements_covered": 100.0, "percent_statements_covered_display": "100", "num_branches": 2, "num_partial_branches": 0, "covered_branches": 2, "missing_branches": 0, "percent_branches_covered": 100.0, "percent_branches_covered_display": "100"}, "missing_lines": [], "excluded_lines": [], "start_line": 76, "executed_branches": [[81, 82], [81, 83]], "missing_branches": []}, "CoreRepository.create_fund": {"executed_lines": [86, 100], "summary": {"covered_lines": 2, "num_statements": 2, "percent_covered": 100.0, "percent_covered_display": "100", "missing_lines": 0, "excluded_lines": 0, "percent_statements_covered": 100.0, "percent_statements_covered_display": "100", "num_branches": 0, "num_partial_branches": 0, "covered_branches": 0, "missing_branches": 0, "percent_branches_covered": 100.0, "percent_branches_covered_display": "100"}, "missing_lines": [], "excluded_lines": [], "start_line": 85, "executed_branches": [], "missing_branches": []}, "CoreRepository.get_fund": {"executed_lines": [103, 110, 112], "summary": {"covered_lines": 3, "num_statements": 4, "percent_covered": 66.66666666666667, "percent_covered_display": "67", "missing_lines": 1, "excluded_lines": 0, "percent_statements_covered": 75.0, "percent_statements_covered_display": "75", "num_branches": 2, "num_partial_branches": 1, "covered_branches": 1, "missing_branches": 1, "percent_branches_covered": 50.0, "percent_branches_covered_display": "50"}, "missing_lines": [111], "excluded_lines": [], "start_line": 102, "executed_branches": [[110, 112]], "missing_branches": [[110, 111]]}, "CoreRepository.update_fund": {"executed_lines": [122, 135, 136, 137], "summary": {"covered_lines": 4, "num_statements": 4, "percent_covered": 100.0, "percent_covered_display": "100", "missing_lines": 0, "excluded_lines": 0, "percent_statements_covered": 100.0, "percent_statements_covered_display": "100", "num_branches": 2, "num_partial_branches": 0, "covered_branches": 2, "missing_branches": 0, "percent_branches_covered": 100.0, "percent_branches_covered_display": "100"}, "missing_lines": [], "excluded_lines": [], "start_line": 121, "executed_branches": [[135, 136], [135, 137]], "missing_branches": []}, "CoreRepository.create_document": {"executed_lines": [140, 156], "summary": {"covered_lines": 2, "num_statements": 2, "percent_covered": 100.0, "percent_covered_display": "100", "missing_lines": 0, "excluded_lines": 0, "percent_statements_covered": 100.0, "percent_statements_covered_display": "100", "num_branches": 0, "num_partial_branches": 0, "covered_branches": 0, "missing_branches": 0, "percent_branches_covered": 100.0, "percent_branches_covered_display": "100"}, "missing_lines": [], "excluded_lines": [], "start_line": 139, "executed_branches": [], "missing_branches": []}, "CoreRepository.get_document": {"executed_lines": [159, 166, 168], "summary": {"covered_lines": 3, "num_statements": 4, "percent_covered": 66.66666666666667, "percent_covered_display": "67", "missing_lines": 1, "excluded_lines": 0, "percent_statements_covered": 75.0, "percent_statements_covered_display": "75", "num_branches": 2, "num_partial_branches": 1, "covered_branches": 1, "missing_branches": 1, "percent_branches_covered": 50.0, "percent_branches_covered_display": "50"}, "missing_lines": [167], "excluded_lines": [], "start_line": 158, "executed_branches": [[166, 168]], "missing_branches": [[166, 167]]}, "CoreRepository.update_document": {"executed_lines": [180, 195, 196, 197], "summary": {"covered_lines": 4, "num_statements": 4, "percent_covered": 100.0, "percent_covered_display": "100", "missing_lines": 0, "excluded_lines": 0, "percent_statements_covered": 100.0, "percent_statements_covered_display": "100", "num_branches": 2, "num_partial_branches": 0, "covered_branches": 2, "missing_branches": 0, "percent_branches_covered": 100.0, "percent_branches_covered_display": "100"}, "missing_lines": [], "excluded_lines": [], "start_line": 179, "executed_branches": [[195, 196], [195, 197]], "missing_branches": []}, "CoreRepository.list_document_versions": {"executed_lines": [200, 208], "summary": {"covered_lines": 2, "num_statements": 2, "percent_covered": 100.0, "percent_covered_display": "100", "missing_lines": 0, "excluded_lines": 0, "percent_statements_covered": 100.0, "percent_statements_covered_display": "100", "num_branches": 0, "num_partial_branches": 0, "covered_branches": 0, "missing_branches": 0, "percent_branches_covered": 100.0, "percent_branches_covered_display": "100"}, "missing_lines": [], "excluded_lines": [], "start_line": 199, "executed_branches": [], "missing_branches": []}, "CoreRepository.list_provenance_rows": {"executed_lines": [224, 227, 228, 230, 238], "summary": {"covered_lines": 5, "num_statements": 5, "percent_covered": 100.0, "percent_covered_display": "100", "missing_lines": 0, "excluded_lines": 0, "percent_statements_covered": 100.0, "percent_statements_covered_display": "100", "num_branches": 2, "num_partial_branches": 0, "covered_branches": 2, "missing_branches": 0, "percent_branches_covered": 100.0, "percent_branches_covered_display": "100"}, "missing_lines": [], "excluded_lines": [], "start_line": 222, "executed_branches": [[227, 228], [227, 230]], "missing_branches": []}, "FieldProvenanceRepository.__init__": {"executed_lines": [245], "summary": {"covered_lines": 1, "num_statements": 1, "percent_covered": 100.0, "percent_covered_display": "100", "missing_lines": 0, "excluded_lines": 0, "percent_statements_covered": 100.0, "percent_statements_covered_display": "100", "num_branches": 0, "num_partial_branches": 0, "covered_branches": 0, "missing_branches": 0, "percent_branches_covered": 100.0, "percent_branches_covered_display": "100"}, "missing_lines": [], "excluded_lines": [], "start_line": 244, "executed_branches": [], "missing_branches": []}, "FieldProvenanceRepository.insert_extracted_field": {"executed_lines": [248, 264], "summary": {"covered_lines": 2, "num_statements": 2, "percent_covered": 100.0, "percent_covered_display": "100", "missing_lines": 0, "excluded_lines": 0, "percent_statements_covered": 100.0, "percent_statements_covered_display": "100", "num_branches": 0, "num_partial_branches": 0, "covered_branches": 0, "missing_branches": 0, "percent_branches_covered": 100.0, "percent_branches_covered_display": "100"}, "missing_lines": [], "excluded_lines": [], "start_line": 247, "executed_branches": [], "missing_branches": []}, "FieldProvenanceRepository.append_correction": {"executed_lines": [274, 281, 283, 284, 285], "summary": {"covered_lines": 5, "num_statements": 5, "percent_covered": 100.0, "percent_covered_display": "100", "missing_lines": 0, "excluded_lines": 0, "percent_statements_covered": 100.0, "percent_statements_covered_display": "100", "num_branches": 0, "num_partial_branches": 0, "covered_branches": 0, "missing_branches": 0, "percent_branches_covered": 100.0, "percent_branches_covered_display": "100"}, "missing_lines": [], "excluded_lines": [], "start_line": 266, "executed_branches": [], "missing_branches": []}, "FieldProvenanceRepository.get_latest_value": {"executed_lines": [295, 302, 303, 305, 309, 311], "summary": {"covered_lines": 6, "num_statements": 7, "percent_covered": 81.81818181818181, "percent_covered_display": "82", "missing_lines": 1, "excluded_lines": 0, "percent_statements_covered": 85.71428571428571, "percent_statements_covered_display": "86", "num_branches": 4, "num_partial_branches": 1, "covered_branches": 3, "missing_branches": 1, "percent_branches_covered": 75.0, "percent_branches_covered_display": "75"}, "missing_lines": [310], "excluded_lines": [], "start_line": 294, "executed_branches": [[302, 303], [302, 305], [309, 311]], "missing_branches": [[309, 310]]}, "FieldProvenanceRepository.get_correction_history": {"executed_lines": [314, 322], "summary": {"covered_lines": 2, "num_statements": 2, "percent_covered": 100.0, "percent_covered_display": "100", "missing_lines": 0, "excluded_lines": 0, "percent_statements_covered": 100.0, "percent_statements_covered_display": "100", "num_branches": 0, "num_partial_branches": 0, "covered_branches": 0, "missing_branches": 0, "percent_branches_covered": 100.0, "percent_branches_covered_display": "100"}, "missing_lines": [], "excluded_lines": [], "start_line": 313, "executed_branches": [], "missing_branches": []}, "VisualArtifactRepository.__init__": {"executed_lines": [339], "summary": {"covered_lines": 1, "num_statements": 1, "percent_covered": 100.0, "percent_covered_display": "100", "missing_lines": 0, "excluded_lines": 0, "percent_statements_covered": 100.0, "percent_statements_covered_display": "100", "num_branches": 0, "num_partial_branches": 0, "covered_branches": 0, "missing_branches": 0, "percent_branches_covered": 100.0, "percent_branches_covered_display": "100"}, "missing_lines": [], "excluded_lines": [], "start_line": 338, "executed_branches": [], "missing_branches": []}, "VisualArtifactRepository.ensure_schema": {"executed_lines": [342, 363], "summary": {"covered_lines": 2, "num_statements": 2, "percent_covered": 100.0, "percent_covered_display": "100", "missing_lines": 0, "excluded_lines": 0, "percent_statements_covered": 100.0, "percent_statements_covered_display": "100", "num_branches": 0, "num_partial_branches": 0, "covered_branches": 0, "missing_branches": 0, "percent_branches_covered": 100.0, "percent_branches_covered_display": "100"}, "missing_lines": [], "excluded_lines": [], "start_line": 341, "executed_branches": [], "missing_branches": []}, "VisualArtifactRepository.insert_artifact": {"executed_lines": [366, 386], "summary": {"covered_lines": 2, "num_statements": 2, "percent_covered": 100.0, "percent_covered_display": "100", "missing_lines": 0, "excluded_lines": 0, "percent_statements_covered": 100.0, "percent_statements_covered_display": "100", "num_branches": 0, "num_partial_branches": 0, "covered_branches": 0, "missing_branches": 0, "percent_branches_covered": 100.0, "percent_branches_covered_display": "100"}, "missing_lines": [], "excluded_lines": [], "start_line": 365, "executed_branches": [], "missing_branches": []}, "VisualArtifactRepository.list_artifacts": {"executed_lines": [389, 398], "summary": {"covered_lines": 2, "num_statements": 2, "percent_covered": 100.0, "percent_covered_display": "100", "missing_lines": 0, "excluded_lines": 0, "percent_statements_covered": 100.0, "percent_statements_covered_display": "100", "num_branches": 0, "num_partial_branches": 0, "covered_branches": 0, "missing_branches": 0, "percent_branches_covered": 100.0, "percent_branches_covered_display": "100"}, "missing_lines": [], "excluded_lines": [], "start_line": 388, "executed_branches": [], "missing_branches": []}, "": {"executed_lines": [3, 5, 7, 8, 15, 18, 22, 55, 62, 76, 85, 102, 121, 139, 158, 179, 199, 222, 241, 244, 247, 266, 294, 313, 335, 338, 341, 365, 388], "summary": {"covered_lines": 29, "num_statements": 29, "percent_covered": 100.0, "percent_covered_display": "100", "missing_lines": 0, "excluded_lines": 0, "percent_statements_covered": 100.0, "percent_statements_covered_display": "100", "num_branches": 0, "num_partial_branches": 0, "covered_branches": 0, "missing_branches": 0, "percent_branches_covered": 100.0, "percent_branches_covered_display": "100"}, "missing_lines": [], "excluded_lines": [], "start_line": 1, "executed_branches": [], "missing_branches": []}}, "classes": {"CoreRepository": {"executed_lines": [19, 20, 23, 53, 56, 60, 63, 67, 69, 77, 81, 82, 83, 86, 100, 103, 110, 112, 122, 135, 136, 137, 140, 156, 159, 166, 168, 180, 195, 196, 197, 200, 208, 224, 227, 228, 230, 238], "summary": {"covered_lines": 38, "num_statements": 41, "percent_covered": 89.0909090909091, "percent_covered_display": "89", "missing_lines": 3, "excluded_lines": 0, "percent_statements_covered": 92.6829268292683, "percent_statements_covered_display": "93", "num_branches": 14, "num_partial_branches": 3, "covered_branches": 11, "missing_branches": 3, "percent_branches_covered": 78.57142857142857, "percent_branches_covered_display": "79"}, "missing_lines": [68, 111, 167], "excluded_lines": [], "start_line": 15, "executed_branches": [[67, 69], [81, 82], [81, 83], [110, 112], [135, 136], [135, 137], [166, 168], [195, 196], [195, 197], [227, 228], [227, 230]], "missing_branches": [[67, 68], [110, 111], [166, 167]]}, "FieldProvenanceRepository": {"executed_lines": [245, 248, 264, 274, 281, 283, 284, 285, 295, 302, 303, 305, 309, 311, 314, 322], "summary": {"covered_lines": 16, "num_statements": 17, "percent_covered": 90.47619047619048, "percent_covered_display": "90", "missing_lines": 1, "excluded_lines": 0, "percent_statements_covered": 94.11764705882354, "percent_statements_covered_display": "94", "num_branches": 4, "num_partial_branches": 1, "covered_branches": 3, "missing_branches": 1, "percent_branches_covered": 75.0, "percent_branches_covered_display": "75"}, "missing_lines": [310], "excluded_lines": [], "start_line": 241, "executed_branches": [[302, 303], [302, 305], [309, 311]], "missing_branches": [[309, 310]]}, "VisualArtifactRepository": {"executed_lines": [339, 342, 363, 366, 386, 389, 398], "summary": {"covered_lines": 7, "num_statements": 7, "percent_covered": 100.0, "percent_covered_display": "100", "missing_lines": 0, "excluded_lines": 0, "percent_statements_covered": 100.0, "percent_statements_covered_display": "100", "num_branches": 0, "num_partial_branches": 0, "covered_branches": 0, "missing_branches": 0, "percent_branches_covered": 100.0, "percent_branches_covered_display": "100"}, "missing_lines": [], "excluded_lines": [], "start_line": 335, "executed_branches": [], "missing_branches": []}, "": {"executed_lines": [3, 5, 7, 8, 15, 18, 22, 55, 62, 76, 85, 102, 121, 139, 158, 179, 199, 222, 241, 244, 247, 266, 294, 313, 335, 338, 341, 365, 388], "summary": {"covered_lines": 29, "num_statements": 29, "percent_covered": 100.0, "percent_covered_display": "100", "missing_lines": 0, "excluded_lines": 0, "percent_statements_covered": 100.0, "percent_statements_covered_display": "100", "num_branches": 0, "num_partial_branches": 0, "covered_branches": 0, "missing_branches": 0, "percent_branches_covered": 100.0, "percent_branches_covered_display": "100"}, "missing_lines": [], "excluded_lines": [], "start_line": 1, "executed_branches": [], "missing_branches": []}}}, "src/inv_man_intake/epic_milestones.py": {"executed_lines": [3, 5, 6, 8, 10, 13, 14, 17, 18, 19, 20, 23, 74, 77, 80, 83, 84, 86, 87, 90, 91, 93, 94, 95, 99, 100, 101, 106, 109, 112, 113, 116, 117, 118, 119, 120, 121, 122, 123, 124, 127, 128, 129, 130, 131], "summary": {"covered_lines": 45, "num_statements": 50, "percent_covered": 87.83783783783784, "percent_covered_display": "88", "missing_lines": 5, "excluded_lines": 0, "percent_statements_covered": 90.0, "percent_statements_covered_display": "90", "num_branches": 24, "num_partial_branches": 4, "covered_branches": 20, "missing_branches": 4, "percent_branches_covered": 83.33333333333333, "percent_branches_covered_display": "83"}, "missing_lines": [88, 96, 97, 114, 132], "excluded_lines": [], "executed_branches": [[87, 90], [93, 94], [93, 106], [94, 93], [94, 95], [95, 99], [100, 94], [100, 101], [113, 116], [117, 118], [117, 124], [118, 119], [118, 120], [120, 121], [120, 122], [122, 117], [122, 123], [128, 129], [130, 128], [130, 131]], "missing_branches": [[87, 88], [95, 96], [113, 114], [128, 132]], "functions": {"child_issue_plan": {"executed_lines": [77], "summary": {"covered_lines": 1, "num_statements": 1, "percent_covered": 100.0, "percent_covered_display": "100", "missing_lines": 0, "excluded_lines": 0, "percent_statements_covered": 100.0, "percent_statements_covered_display": "100", "num_branches": 0, "num_partial_branches": 0, "covered_branches": 0, "missing_branches": 0, "percent_branches_covered": 100.0, "percent_branches_covered_display": "100"}, "missing_lines": [], "excluded_lines": [], "start_line": 74, "executed_branches": [], "missing_branches": []}, "validate_child_issue_plan": {"executed_lines": [83, 84, 86, 87, 90, 91, 93, 94, 95, 99, 100, 101, 106], "summary": {"covered_lines": 13, "num_statements": 16, "percent_covered": 80.76923076923077, "percent_covered_display": "81", "missing_lines": 3, "excluded_lines": 0, "percent_statements_covered": 81.25, "percent_statements_covered_display": "81", "num_branches": 10, "num_partial_branches": 2, "covered_branches": 8, "missing_branches": 2, "percent_branches_covered": 80.0, "percent_branches_covered_display": "80"}, "missing_lines": [88, 96, 97], "excluded_lines": [], "start_line": 80, "executed_branches": [[87, 90], [93, 94], [93, 106], [94, 93], [94, 95], [95, 99], [100, 94], [100, 101]], "missing_branches": [[87, 88], [95, 96]]}, "next_ready_issues": {"executed_lines": [112, 113, 116, 117, 118, 119, 120, 121, 122, 123, 124], "summary": {"covered_lines": 11, "num_statements": 12, "percent_covered": 90.9090909090909, "percent_covered_display": "91", "missing_lines": 1, "excluded_lines": 0, "percent_statements_covered": 91.66666666666667, "percent_statements_covered_display": "92", "num_branches": 10, "num_partial_branches": 1, "covered_branches": 9, "missing_branches": 1, "percent_branches_covered": 90.0, "percent_branches_covered_display": "90"}, "missing_lines": [114], "excluded_lines": [], "start_line": 109, "executed_branches": [[113, 116], [117, 118], [117, 124], [118, 119], [118, 120], [120, 121], [120, 122], [122, 117], [122, 123]], "missing_branches": [[113, 114]]}, "_next_open_milestone": {"executed_lines": [128, 129, 130, 131], "summary": {"covered_lines": 4, "num_statements": 5, "percent_covered": 77.77777777777777, "percent_covered_display": "78", "missing_lines": 1, "excluded_lines": 0, "percent_statements_covered": 80.0, "percent_statements_covered_display": "80", "num_branches": 4, "num_partial_branches": 1, "covered_branches": 3, "missing_branches": 1, "percent_branches_covered": 75.0, "percent_branches_covered_display": "75"}, "missing_lines": [132], "excluded_lines": [], "start_line": 127, "executed_branches": [[128, 129], [130, 128], [130, 131]], "missing_branches": [[128, 132]]}, "": {"executed_lines": [3, 5, 6, 8, 10, 13, 14, 17, 18, 19, 20, 23, 74, 80, 109, 127], "summary": {"covered_lines": 16, "num_statements": 16, "percent_covered": 100.0, "percent_covered_display": "100", "missing_lines": 0, "excluded_lines": 0, "percent_statements_covered": 100.0, "percent_statements_covered_display": "100", "num_branches": 0, "num_partial_branches": 0, "covered_branches": 0, "missing_branches": 0, "percent_branches_covered": 100.0, "percent_branches_covered_display": "100"}, "missing_lines": [], "excluded_lines": [], "start_line": 1, "executed_branches": [], "missing_branches": []}}, "classes": {"ChildIssue": {"executed_lines": [], "summary": {"covered_lines": 0, "num_statements": 0, "percent_covered": 100.0, "percent_covered_display": "100", "missing_lines": 0, "excluded_lines": 0, "percent_statements_covered": 100.0, "percent_statements_covered_display": "100", "num_branches": 0, "num_partial_branches": 0, "covered_branches": 0, "missing_branches": 0, "percent_branches_covered": 100.0, "percent_branches_covered_display": "100"}, "missing_lines": [], "excluded_lines": [], "start_line": 14, "executed_branches": [], "missing_branches": []}, "": {"executed_lines": [3, 5, 6, 8, 10, 13, 14, 17, 18, 19, 20, 23, 74, 77, 80, 83, 84, 86, 87, 90, 91, 93, 94, 95, 99, 100, 101, 106, 109, 112, 113, 116, 117, 118, 119, 120, 121, 122, 123, 124, 127, 128, 129, 130, 131], "summary": {"covered_lines": 45, "num_statements": 50, "percent_covered": 87.83783783783784, "percent_covered_display": "88", "missing_lines": 5, "excluded_lines": 0, "percent_statements_covered": 90.0, "percent_statements_covered_display": "90", "num_branches": 24, "num_partial_branches": 4, "covered_branches": 20, "missing_branches": 4, "percent_branches_covered": 83.33333333333333, "percent_branches_covered_display": "83"}, "missing_lines": [88, 96, 97, 114, 132], "excluded_lines": [], "start_line": 1, "executed_branches": [[87, 90], [93, 94], [93, 106], [94, 93], [94, 95], [95, 99], [100, 94], [100, 101], [113, 116], [117, 118], [117, 124], [118, 119], [118, 120], [120, 121], [120, 122], [122, 117], [122, 123], [128, 129], [130, 128], [130, 131]], "missing_branches": [[87, 88], [95, 96], [113, 114], [128, 132]]}}}, "src/inv_man_intake/extraction/__init__.py": {"executed_lines": [3, 11], "summary": {"covered_lines": 2, "num_statements": 2, "percent_covered": 100.0, "percent_covered_display": "100", "missing_lines": 0, "excluded_lines": 0, "percent_statements_covered": 100.0, "percent_statements_covered_display": "100", "num_branches": 0, "num_partial_branches": 0, "covered_branches": 0, "missing_branches": 0, "percent_branches_covered": 100.0, "percent_branches_covered_display": "100"}, "missing_lines": [], "excluded_lines": [], "executed_branches": [], "missing_branches": [], "functions": {"": {"executed_lines": [3, 11], "summary": {"covered_lines": 2, "num_statements": 2, "percent_covered": 100.0, "percent_covered_display": "100", "missing_lines": 0, "excluded_lines": 0, "percent_statements_covered": 100.0, "percent_statements_covered_display": "100", "num_branches": 0, "num_partial_branches": 0, "covered_branches": 0, "missing_branches": 0, "percent_branches_covered": 100.0, "percent_branches_covered_display": "100"}, "missing_lines": [], "excluded_lines": [], "start_line": 1, "executed_branches": [], "missing_branches": []}}, "classes": {"": {"executed_lines": [3, 11], "summary": {"covered_lines": 2, "num_statements": 2, "percent_covered": 100.0, "percent_covered_display": "100", "missing_lines": 0, "excluded_lines": 0, "percent_statements_covered": 100.0, "percent_statements_covered_display": "100", "num_branches": 0, "num_partial_branches": 0, "covered_branches": 0, "missing_branches": 0, "percent_branches_covered": 100.0, "percent_branches_covered_display": "100"}, "missing_lines": [], "excluded_lines": [], "start_line": 1, "executed_branches": [], "missing_branches": []}}}, "src/inv_man_intake/extraction/confidence.py": {"executed_lines": [3, 5, 6, 8, 11, 12, 15, 16, 17, 18, 19, 22, 23, 26, 27, 28, 29, 30, 33, 36, 37, 38, 39, 41, 42, 43, 44, 45, 46, 47, 48, 52, 53, 54, 55, 56, 57, 58, 59, 66, 68, 74, 75, 78, 87, 95, 97, 101, 106, 107, 109, 110, 111, 112, 119, 120, 128, 129, 131, 140, 147, 171], "summary": {"covered_lines": 62, "num_statements": 65, "percent_covered": 91.95402298850574, "percent_covered_display": "92", "missing_lines": 3, "excluded_lines": 0, "percent_statements_covered": 95.38461538461539, "percent_statements_covered_display": "95", "num_branches": 22, "num_partial_branches": 4, "covered_branches": 18, "missing_branches": 4, "percent_branches_covered": 81.81818181818181, "percent_branches_covered_display": "82"}, "missing_lines": [49, 65, 76], "excluded_lines": [], "executed_branches": [[41, 42], [41, 68], [43, 44], [43, 45], [45, 46], [45, 48], [48, 52], [52, 53], [52, 55], [55, 56], [59, 66], [75, 78], [109, 110], [109, 128], [111, 112], [111, 119], [119, 109], [119, 120]], "missing_branches": [[48, 49], [55, 41], [59, 65], [75, 76]], "functions": {"load_threshold_config": {"executed_lines": [36, 37, 38, 39, 41, 42, 43, 44, 45, 46, 47, 48, 52, 53, 54, 55, 56, 57, 58, 59, 66, 68, 74, 75, 78], "summary": {"covered_lines": 25, "num_statements": 28, "percent_covered": 84.0909090909091, "percent_covered_display": "84", "missing_lines": 3, "excluded_lines": 0, "percent_statements_covered": 89.28571428571429, "percent_statements_covered_display": "89", "num_branches": 16, "num_partial_branches": 4, "covered_branches": 12, "missing_branches": 4, "percent_branches_covered": 75.0, "percent_branches_covered_display": "75"}, "missing_lines": [49, 65, 76], "excluded_lines": [], "start_line": 33, "executed_branches": [[41, 42], [41, 68], [43, 44], [43, 45], [45, 46], [45, 48], [48, 52], [52, 53], [52, 55], [55, 56], [59, 66], [75, 78]], "missing_branches": [[48, 49], [55, 41], [59, 65], [75, 76]]}, "evaluate_thresholds": {"executed_lines": [95, 97, 101, 106, 107, 109, 110, 111, 112, 119, 120, 128, 129, 131], "summary": {"covered_lines": 14, "num_statements": 14, "percent_covered": 100.0, "percent_covered_display": "100", "missing_lines": 0, "excluded_lines": 0, "percent_statements_covered": 100.0, "percent_statements_covered_display": "100", "num_branches": 6, "num_partial_branches": 0, "covered_branches": 6, "missing_branches": 0, "percent_branches_covered": 100.0, "percent_branches_covered_display": "100"}, "missing_lines": [], "excluded_lines": [], "start_line": 87, "executed_branches": [[109, 110], [109, 128], [111, 112], [111, 119], [119, 109], [119, 120]], "missing_branches": []}, "attach_threshold_summary": {"executed_lines": [147, 171], "summary": {"covered_lines": 2, "num_statements": 2, "percent_covered": 100.0, "percent_covered_display": "100", "missing_lines": 0, "excluded_lines": 0, "percent_statements_covered": 100.0, "percent_statements_covered_display": "100", "num_branches": 0, "num_partial_branches": 0, "covered_branches": 0, "missing_branches": 0, "percent_branches_covered": 100.0, "percent_branches_covered_display": "100"}, "missing_lines": [], "excluded_lines": [], "start_line": 140, "executed_branches": [], "missing_branches": []}, "": {"executed_lines": [3, 5, 6, 8, 11, 12, 15, 16, 17, 18, 19, 22, 23, 26, 27, 28, 29, 30, 33, 87, 140], "summary": {"covered_lines": 21, "num_statements": 21, "percent_covered": 100.0, "percent_covered_display": "100", "missing_lines": 0, "excluded_lines": 0, "percent_statements_covered": 100.0, "percent_statements_covered_display": "100", "num_branches": 0, "num_partial_branches": 0, "covered_branches": 0, "missing_branches": 0, "percent_branches_covered": 100.0, "percent_branches_covered_display": "100"}, "missing_lines": [], "excluded_lines": [], "start_line": 1, "executed_branches": [], "missing_branches": []}}, "classes": {"ThresholdConfig": {"executed_lines": [], "summary": {"covered_lines": 0, "num_statements": 0, "percent_covered": 100.0, "percent_covered_display": "100", "missing_lines": 0, "excluded_lines": 0, "percent_statements_covered": 100.0, "percent_statements_covered_display": "100", "num_branches": 0, "num_partial_branches": 0, "covered_branches": 0, "missing_branches": 0, "percent_branches_covered": 100.0, "percent_branches_covered_display": "100"}, "missing_lines": [], "excluded_lines": [], "start_line": 12, "executed_branches": [], "missing_branches": []}, "ThresholdDecision": {"executed_lines": [], "summary": {"covered_lines": 0, "num_statements": 0, "percent_covered": 100.0, "percent_covered_display": "100", "missing_lines": 0, "excluded_lines": 0, "percent_statements_covered": 100.0, "percent_statements_covered_display": "100", "num_branches": 0, "num_partial_branches": 0, "covered_branches": 0, "missing_branches": 0, "percent_branches_covered": 100.0, "percent_branches_covered_display": "100"}, "missing_lines": [], "excluded_lines": [], "start_line": 23, "executed_branches": [], "missing_branches": []}, "": {"executed_lines": [3, 5, 6, 8, 11, 12, 15, 16, 17, 18, 19, 22, 23, 26, 27, 28, 29, 30, 33, 36, 37, 38, 39, 41, 42, 43, 44, 45, 46, 47, 48, 52, 53, 54, 55, 56, 57, 58, 59, 66, 68, 74, 75, 78, 87, 95, 97, 101, 106, 107, 109, 110, 111, 112, 119, 120, 128, 129, 131, 140, 147, 171], "summary": {"covered_lines": 62, "num_statements": 65, "percent_covered": 91.95402298850574, "percent_covered_display": "92", "missing_lines": 3, "excluded_lines": 0, "percent_statements_covered": 95.38461538461539, "percent_statements_covered_display": "95", "num_branches": 22, "num_partial_branches": 4, "covered_branches": 18, "missing_branches": 4, "percent_branches_covered": 81.81818181818181, "percent_branches_covered_display": "82"}, "missing_lines": [49, 65, 76], "excluded_lines": [], "start_line": 1, "executed_branches": [[41, 42], [41, 68], [43, 44], [43, 45], [45, 46], [45, 48], [48, 52], [52, 53], [52, 55], [55, 56], [59, 66], [75, 78], [109, 110], [109, 128], [111, 112], [111, 119], [119, 109], [119, 120]], "missing_branches": [[48, 49], [55, 41], [59, 65], [75, 76]]}}}, "src/inv_man_intake/extraction/providers/__init__.py": {"executed_lines": [3, 17, 18, 20], "summary": {"covered_lines": 4, "num_statements": 4, "percent_covered": 100.0, "percent_covered_display": "100", "missing_lines": 0, "excluded_lines": 0, "percent_statements_covered": 100.0, "percent_statements_covered_display": "100", "num_branches": 0, "num_partial_branches": 0, "covered_branches": 0, "missing_branches": 0, "percent_branches_covered": 100.0, "percent_branches_covered_display": "100"}, "missing_lines": [], "excluded_lines": [], "executed_branches": [], "missing_branches": [], "functions": {"": {"executed_lines": [3, 17, 18, 20], "summary": {"covered_lines": 4, "num_statements": 4, "percent_covered": 100.0, "percent_covered_display": "100", "missing_lines": 0, "excluded_lines": 0, "percent_statements_covered": 100.0, "percent_statements_covered_display": "100", "num_branches": 0, "num_partial_branches": 0, "covered_branches": 0, "missing_branches": 0, "percent_branches_covered": 100.0, "percent_branches_covered_display": "100"}, "missing_lines": [], "excluded_lines": [], "start_line": 1, "executed_branches": [], "missing_branches": []}}, "classes": {"": {"executed_lines": [3, 17, 18, 20], "summary": {"covered_lines": 4, "num_statements": 4, "percent_covered": 100.0, "percent_covered_display": "100", "missing_lines": 0, "excluded_lines": 0, "percent_statements_covered": 100.0, "percent_statements_covered_display": "100", "num_branches": 0, "num_partial_branches": 0, "covered_branches": 0, "missing_branches": 0, "percent_branches_covered": 100.0, "percent_branches_covered_display": "100"}, "missing_lines": [], "excluded_lines": [], "start_line": 1, "executed_branches": [], "missing_branches": []}}}, "src/inv_man_intake/extraction/prov
[...]
nt_covered": 60.0, "percent_covered_display": "60", "missing_lines": 1, "excluded_lines": 0, "percent_statements_covered": 66.66666666666667, "percent_statements_covered_display": "67", "num_branches": 2, "num_partial_branches": 1, "covered_branches": 1, "missing_branches": 1, "percent_branches_covered": 50.0, "percent_branches_covered_display": "50"}, "missing_lines": [218], "excluded_lines": [], "start_line": 216, "executed_branches": [[217, 219]], "missing_branches": [[217, 218]]}, "": {"executed_lines": [3, 5, 6, 7, 8, 10, 12, 13, 15, 23, 26, 27, 30, 31, 32, 33, 34, 35, 36, 37, 38, 39, 40, 43, 44, 47, 48, 49, 50, 53, 75, 105, 126, 152, 161, 174, 184, 191, 198, 204, 210, 216], "summary": {"covered_lines": 42, "num_statements": 42, "percent_covered": 100.0, "percent_covered_display": "100", "missing_lines": 0, "excluded_lines": 0, "percent_statements_covered": 100.0, "percent_statements_covered_display": "100", "num_branches": 0, "num_partial_branches": 0, "covered_branches": 0, "missing_branches": 0, "percent_branches_covered": 100.0, "percent_branches_covered_display": "100"}, "missing_lines": [], "excluded_lines": [], "start_line": 1, "executed_branches": [], "missing_branches": []}}, "classes": {"ValidationQueueQuery": {"executed_lines": [], "summary": {"covered_lines": 0, "num_statements": 0, "percent_covered": 100.0, "percent_covered_display": "100", "missing_lines": 0, "excluded_lines": 0, "percent_statements_covered": 100.0, "percent_statements_covered_display": "100", "num_branches": 0, "num_partial_branches": 0, "covered_branches": 0, "missing_branches": 0, "percent_branches_covered": 100.0, "percent_branches_covered_display": "100"}, "missing_lines": [], "excluded_lines": [], "start_line": 27, "executed_branches": [], "missing_branches": []}, "ValidationQueuePage": {"executed_lines": [], "summary": {"covered_lines": 0, "num_statements": 0, "percent_covered": 100.0, "percent_covered_display": "100", "missing_lines": 0, "excluded_lines": 0, "percent_statements_covered": 100.0, "percent_statements_covered_display": "100", "num_branches": 0, "num_partial_branches": 0, "covered_branches": 0, "missing_branches": 0, "percent_branches_covered": 100.0, "percent_branches_covered_display": "100"}, "missing_lines": [], "excluded_lines": [], "start_line": 44, "executed_branches": [], "missing_branches": []}, "": {"executed_lines": [3, 5, 6, 7, 8, 10, 12, 13, 15, 23, 26, 27, 30, 31, 32, 33, 34, 35, 36, 37, 38, 39, 40, 43, 44, 47, 48, 49, 50, 53, 58, 60, 61, 66, 67, 75, 78, 79, 81, 82, 84, 85, 87, 88, 90, 105, 106, 107, 108, 109, 110, 111, 113, 114, 115, 116, 117, 118, 120, 121, 122, 123, 126, 127, 128, 129, 131, 133, 134, 136, 142, 145, 146, 152, 153, 154, 155, 157, 158, 161, 162, 163, 164, 165, 166, 169, 170, 171, 174, 175, 176, 177, 178, 179, 180, 181, 184, 185, 186, 187, 188, 191, 192, 193, 194, 195, 198, 199, 200, 201, 204, 205, 207, 210, 211, 212, 213, 216, 217, 219], "summary": {"covered_lines": 120, "num_statements": 128, "percent_covered": 92.04545454545455, "percent_covered_display": "92", "missing_lines": 8, "excluded_lines": 0, "percent_statements_covered": 93.75, "percent_statements_covered_display": "94", "num_branches": 48, "num_partial_branches": 6, "covered_branches": 42, "missing_branches": 6, "percent_branches_covered": 87.5, "percent_branches_covered_display": "88"}, "missing_lines": [130, 132, 140, 156, 167, 168, 206, 218], "excluded_lines": [], "start_line": 1, "executed_branches": [[106, 107], [106, 108], [108, 109], [108, 110], [113, 114], [113, 115], [115, 116], [115, 117], [117, 118], [117, 120], [120, 121], [120, 122], [122, -105], [122, 123], [127, 128], [127, 129], [129, 131], [131, 133], [133, 134], [133, 136], [136, 142], [142, 145], [142, 146], [153, 154], [153, 155], [155, 157], [163, 164], [163, 165], [169, 170], [169, 171], [176, 177], [176, 178], [185, 186], [185, 187], [192, 193], [192, 194], [199, 200], [199, 201], [205, 207], [211, 212], [211, 213], [217, 219]], "missing_branches": [[129, 130], [131, 132], [136, 140], [155, 156], [205, 206], [217, 218]]}}}, "src/inv_man_intake/workflow_validation.py": {"executed_lines": [3, 5, 6, 7, 9, 17, 19, 20, 35, 39, 40, 43, 44, 45, 46, 47, 50, 51, 54, 55, 56, 57, 58, 59, 60, 61, 62, 65, 66, 69, 70, 71, 72, 73, 74, 75, 76, 79, 84, 85, 86, 99, 104, 105, 106, 109, 110, 117, 127, 138, 140, 142, 145, 146, 153, 162, 172, 174, 176, 179, 180, 181, 183, 184, 191, 199, 202, 214, 215, 217, 218, 219, 220, 221, 222, 228, 229, 232, 233, 235, 237], "summary": {"covered_lines": 81, "num_statements": 95, "percent_covered": 78.29457364341086, "percent_covered_display": "78", "missing_lines": 14, "excluded_lines": 0, "percent_statements_covered": 85.26315789473684, "percent_statements_covered_display": "85", "num_branches": 34, "num_partial_branches": 12, "covered_branches": 20, "missing_branches": 14, "percent_branches_covered": 58.8235294117647, "percent_branches_covered_display": "59"}, "missing_lines": [107, 139, 141, 143, 173, 175, 177, 216, 223, 224, 225, 234, 236, 238], "excluded_lines": [], "executed_branches": [[104, 105], [104, 106], [106, 109], [138, 140], [140, 142], [142, 145], [172, 174], [174, 176], [176, 179], [180, 181], [180, 183], [215, 217], [217, 218], [217, 219], [219, 220], [219, 221], [221, 222], [233, 235], [235, 237], [237, -232]], "missing_branches": [[106, 107], [138, 139], [140, 141], [142, 143], [172, 173], [174, 175], [176, 177], [215, 216], [221, 223], [223, 224], [223, 225], [233, 234], [235, 236], [237, 238]], "functions": {"create_queue_item": {"executed_lines": [84, 85, 86], "summary": {"covered_lines": 3, "num_statements": 3, "percent_covered": 100.0, "percent_covered_display": "100", "missing_lines": 0, "excluded_lines": 0, "percent_statements_covered": 100.0, "percent_statements_covered_display": "100", "num_branches": 0, "num_partial_branches": 0, "covered_branches": 0, "missing_branches": 0, "percent_branches_covered": 100.0, "percent_branches_covered_display": "100"}, "missing_lines": [], "excluded_lines": [], "start_line": 79, "executed_branches": [], "missing_branches": []}, "claim_for_analyst_triage": {"executed_lines": [104, 105, 106, 109, 110, 117], "summary": {"covered_lines": 6, "num_statements": 7, "percent_covered": 81.81818181818181, "percent_covered_display": "82", "missing_lines": 1, "excluded_lines": 0, "percent_statements_covered": 85.71428571428571, "percent_statements_covered_display": "86", "num_branches": 4, "num_partial_branches": 1, "covered_branches": 3, "missing_branches": 1, "percent_branches_covered": 75.0, "percent_branches_covered_display": "75"}, "missing_lines": [107], "excluded_lines": [], "start_line": 99, "executed_branches": [[104, 105], [104, 106], [106, 109]], "missing_branches": [[106, 107]]}, "transfer_owner": {"executed_lines": [138, 140, 142, 145, 146, 153], "summary": {"covered_lines": 6, "num_statements": 9, "percent_covered": 60.0, "percent_covered_display": "60", "missing_lines": 3, "excluded_lines": 0, "percent_statements_covered": 66.66666666666667, "percent_statements_covered_display": "67", "num_branches": 6, "num_partial_branches": 3, "covered_branches": 3, "missing_branches": 3, "percent_branches_covered": 50.0, "percent_branches_covered_display": "50"}, "missing_lines": [139, 141, 143], "excluded_lines": [], "start_line": 127, "executed_branches": [[138, 140], [140, 142], [142, 145]], "missing_branches": [[138, 139], [140, 141], [142, 143]]}, "transition_state": {"executed_lines": [172, 174, 176, 179, 180, 181, 183, 184, 191], "summary": {"covered_lines": 9, "num_statements": 12, "percent_covered": 70.0, "percent_covered_display": "70", "missing_lines": 3, "excluded_lines": 0, "percent_statements_covered": 75.0, "percent_statements_covered_display": "75", "num_branches": 8, "num_partial_branches": 3, "covered_branches": 5, "missing_branches": 3, "percent_branches_covered": 62.5, "percent_branches_covered_display": "62"}, "missing_lines": [173, 175, 177], "excluded_lines": [], "start_line": 162, "executed_branches": [[172, 174], [174, 176], [176, 179], [180, 181], [180, 183]], "missing_branches": [[172, 173], [174, 175], [176, 177]]}, "to_queue_row": {"executed_lines": [202], "summary": {"covered_lines": 1, "num_statements": 1, "percent_covered": 100.0, "percent_covered_display": "100", "missing_lines": 0, "excluded_lines": 0, "percent_statements_covered": 100.0, "percent_statements_covered_display": "100", "num_branches": 0, "num_partial_branches": 0, "covered_branches": 0, "missing_branches": 0, "percent_branches_covered": 100.0, "percent_branches_covered_display": "100"}, "missing_lines": [], "excluded_lines": [], "start_line": 199, "executed_branches": [], "missing_branches": []}, "_next_action_for_state": {"executed_lines": [215, 217, 218, 219, 220, 221, 222], "summary": {"covered_lines": 7, "num_statements": 11, "percent_covered": 61.904761904761905, "percent_covered_display": "62", "missing_lines": 4, "excluded_lines": 0, "percent_statements_covered": 63.63636363636363, "percent_statements_covered_display": "64", "num_branches": 10, "num_partial_branches": 2, "covered_branches": 6, "missing_branches": 4, "percent_branches_covered": 60.0, "percent_branches_covered_display": "60"}, "missing_lines": [216, 223, 224, 225], "excluded_lines": [], "start_line": 214, "executed_branches": [[215, 217], [217, 218], [217, 219], [219, 220], [219, 221], [221, 222]], "missing_branches": [[215, 216], [221, 223], [223, 224], [223, 225]]}, "_utc_now": {"executed_lines": [229], "summary": {"covered_lines": 1, "num_statements": 1, "percent_covered": 100.0, "percent_covered_display": "100", "missing_lines": 0, "excluded_lines": 0, "percent_statements_covered": 100.0, "percent_statements_covered_display": "100", "num_branches": 0, "num_partial_branches": 0, "covered_branches": 0, "missing_branches": 0, "percent_branches_covered": 100.0, "percent_branches_covered_display": "100"}, "missing_lines": [], "excluded_lines": [], "start_line": 228, "executed_branches": [], "missing_branches": []}, "_require_non_empty": {"executed_lines": [233, 235, 237], "summary": {"covered_lines": 3, "num_statements": 6, "percent_covered": 50.0, "percent_covered_display": "50", "missing_lines": 3, "excluded_lines": 0, "percent_statements_covered": 50.0, "percent_statements_covered_display": "50", "num_branches": 6, "num_partial_branches": 3, "covered_branches": 3, "missing_branches": 3, "percent_branches_covered": 50.0, "percent_branches_covered_display": "50"}, "missing_lines": [234, 236, 238], "excluded_lines": [], "start_line": 232, "executed_branches": [[233, 235], [235, 237], [237, -232]], "missing_branches": [[233, 234], [235, 236], [237, 238]]}, "": {"executed_lines": [3, 5, 6, 7, 9, 17, 19, 20, 35, 39, 40, 43, 44, 45, 46, 47, 50, 51, 54, 55, 56, 57, 58, 59, 60, 61, 62, 65, 66, 69, 70, 71, 72, 73, 74, 75, 76, 79, 99, 127, 162, 199, 214, 228, 232], "summary": {"covered_lines": 45, "num_statements": 45, "percent_covered": 100.0, "percent_covered_display": "100", "missing_lines": 0, "excluded_lines": 0, "percent_statements_covered": 100.0, "percent_statements_covered_display": "100", "num_branches": 0, "num_partial_branches": 0, "covered_branches": 0, "missing_branches": 0, "percent_branches_covered": 100.0, "percent_branches_covered_display": "100"}, "missing_lines": [], "excluded_lines": [], "start_line": 1, "executed_branches": [], "missing_branches": []}}, "classes": {"ValidationWorkflowError": {"executed_lines": [], "summary": {"covered_lines": 0, "num_statements": 0, "percent_covered": 100.0, "percent_covered_display": "100", "missing_lines": 0, "excluded_lines": 0, "percent_statements_covered": 100.0, "percent_statements_covered_display": "100", "num_branches": 0, "num_partial_branches": 0, "covered_branches": 0, "missing_branches": 0, "percent_branches_covered": 100.0, "percent_branches_covered_display": "100"}, "missing_lines": [], "excluded_lines": [], "start_line": 35, "executed_branches": [], "missing_branches": []}, "QueueEvent": {"executed_lines": [], "summary": {"covered_lines": 0, "num_statements": 0, "percent_covered": 100.0, "percent_covered_display": "100", "missing_lines": 0, "excluded_lines": 0, "percent_statements_covered": 100.0, "percent_statements_covered_display": "100", "num_branches": 0, "num_partial_branches": 0, "covered_branches": 0, "missing_branches": 0, "percent_branches_covered": 100.0, "percent_branches_covered_display": "100"}, "missing_lines": [], "excluded_lines": [], "start_line": 40, "executed_branches": [], "missing_branches": []}, "ValidationQueueItem": {"executed_lines": [], "summary": {"covered_lines": 0, "num_statements": 0, "percent_covered": 100.0, "percent_covered_display": "100", "missing_lines": 0, "excluded_lines": 0, "percent_statements_covered": 100.0, "percent_statements_covered_display": "100", "num_branches": 0, "num_partial_branches": 0, "covered_branches": 0, "missing_branches": 0, "percent_branches_covered": 100.0, "percent_branches_covered_display": "100"}, "missing_lines": [], "excluded_lines": [], "start_line": 51, "executed_branches": [], "missing_branches": []}, "ValidationQueueRow": {"executed_lines": [], "summary": {"covered_lines": 0, "num_statements": 0, "percent_covered": 100.0, "percent_covered_display": "100", "missing_lines": 0, "excluded_lines": 0, "percent_statements_covered": 100.0, "percent_statements_covered_display": "100", "num_branches": 0, "num_partial_branches": 0, "covered_branches": 0, "missing_branches": 0, "percent_branches_covered": 100.0, "percent_branches_covered_display": "100"}, "missing_lines": [], "excluded_lines": [], "start_line": 66, "executed_branches": [], "missing_branches": []}, "": {"executed_lines": [3, 5, 6, 7, 9, 17, 19, 20, 35, 39, 40, 43, 44, 45, 46, 47, 50, 51, 54, 55, 56, 57, 58, 59, 60, 61, 62, 65, 66, 69, 70, 71, 72, 73, 74, 75, 76, 79, 84, 85, 86, 99, 104, 105, 106, 109, 110, 117, 127, 138, 140, 142, 145, 146, 153, 162, 172, 174, 176, 179, 180, 181, 183, 184, 191, 199, 202, 214, 215, 217, 218, 219, 220, 221, 222, 228, 229, 232, 233, 235, 237], "summary": {"covered_lines": 81, "num_statements": 95, "percent_covered": 78.29457364341086, "percent_covered_display": "78", "missing_lines": 14, "excluded_lines": 0, "percent_statements_covered": 85.26315789473684, "percent_statements_covered_display": "85", "num_branches": 34, "num_partial_branches": 12, "covered_branches": 20, "missing_branches": 14, "percent_branches_covered": 58.8235294117647, "percent_branches_covered_display": "59"}, "missing_lines": [107, 139, 141, 143, 173, 175, 177, 216, 223, 224, 225, 234, 236, 238], "excluded_lines": [], "start_line": 1, "executed_branches": [[104, 105], [104, 106], [106, 109], [138, 140], [140, 142], [142, 145], [172, 174], [174, 176], [176, 179], [180, 181], [180, 183], [215, 217], [217, 218], [217, 219], [219, 220], [219, 221], [221, 222], [233, 235], [235, 237], [237, -232]], "missing_branches": [[106, 107], [138, 139], [140, 141], [142, 143], [172, 173], [174, 175], [176, 177], [215, 216], [221, 223], [223, 224], [223, 225], [233, 234], [235, 236], [237, 238]]}}}, "src/my_project/__init__.py": {"executed_lines": [3, 5, 7], "summary": {"covered_lines": 3, "num_statements": 3, "percent_covered": 100.0, "percent_covered_display": "100", "missing_lines": 0, "excluded_lines": 0, "percent_statements_covered": 100.0, "percent_statements_covered_display": "100", "num_branches": 0, "num_partial_branches": 0, "covered_branches": 0, "missing_branches": 0, "percent_branches_covered": 100.0, "percent_branches_covered_display": "100"}, "missing_lines": [], "excluded_lines": [], "executed_branches": [], "missing_branches": [], "functions": {"": {"executed_lines": [3, 5, 7], "summary": {"covered_lines": 3, "num_statements": 3, "percent_covered": 100.0, "percent_covered_display": "100", "missing_lines": 0, "excluded_lines": 0, "percent_statements_covered": 100.0, "percent_statements_covered_display": "100", "num_branches": 0, "num_partial_branches": 0, "covered_branches": 0, "missing_branches": 0, "percent_branches_covered": 100.0, "percent_branches_covered_display": "100"}, "missing_lines": [], "excluded_lines": [], "start_line": 1, "executed_branches": [], "missing_branches": []}}, "classes": {"": {"executed_lines": [3, 5, 7], "summary": {"covered_lines": 3, "num_statements": 3, "percent_covered": 100.0, "percent_covered_display": "100", "missing_lines": 0, "excluded_lines": 0, "percent_statements_covered": 100.0, "percent_statements_covered_display": "100", "num_branches": 0, "num_partial_branches": 0, "covered_branches": 0, "missing_branches": 0, "percent_branches_covered": 100.0, "percent_branches_covered_display": "100"}, "missing_lines": [], "excluded_lines": [], "start_line": 1, "executed_branches": [], "missing_branches": []}}}, "src/my_project/main.py": {"executed_lines": [4, 6, 9, 11], "summary": {"covered_lines": 4, "num_statements": 4, "percent_covered": 100.0, "percent_covered_display": "100", "missing_lines": 0, "excluded_lines": 0, "percent_statements_covered": 100.0, "percent_statements_covered_display": "100", "num_branches": 0, "num_partial_branches": 0, "covered_branches": 0, "missing_branches": 0, "percent_branches_covered": 100.0, "percent_branches_covered_display": "100"}, "missing_lines": [], "excluded_lines": [], "executed_branches": [], "missing_branches": [], "functions": {"greet": {"executed_lines": [6], "summary": {"covered_lines": 1, "num_statements": 1, "percent_covered": 100.0, "percent_covered_display": "100", "missing_lines": 0, "excluded_lines": 0, "percent_statements_covered": 100.0, "percent_statements_covered_display": "100", "num_branches": 0, "num_partial_branches": 0, "covered_branches": 0, "missing_branches": 0, "percent_branches_covered": 100.0, "percent_branches_covered_display": "100"}, "missing_lines": [], "excluded_lines": [], "start_line": 4, "executed_branches": [], "missing_branches": []}, "add": {"executed_lines": [11], "summary": {"covered_lines": 1, "num_statements": 1, "percent_covered": 100.0, "percent_covered_display": "100", "missing_lines": 0, "excluded_lines": 0, "percent_statements_covered": 100.0, "percent_statements_covered_display": "100", "num_branches": 0, "num_partial_branches": 0, "covered_branches": 0, "missing_branches": 0, "percent_branches_covered": 100.0, "percent_branches_covered_display": "100"}, "missing_lines": [], "excluded_lines": [], "start_line": 9, "executed_branches": [], "missing_branches": []}, "": {"executed_lines": [4, 9], "summary": {"covered_lines": 2, "num_statements": 2, "percent_covered": 100.0, "percent_covered_display": "100", "missing_lines": 0, "excluded_lines": 0, "percent_statements_covered": 100.0, "percent_statements_covered_display": "100", "num_branches": 0, "num_partial_branches": 0, "covered_branches": 0, "missing_branches": 0, "percent_branches_covered": 100.0, "percent_branches_covered_display": "100"}, "missing_lines": [], "excluded_lines": [], "start_line": 1, "executed_branches": [], "missing_branches": []}}, "classes": {"": {"executed_lines": [4, 6, 9, 11], "summary": {"covered_lines": 4, "num_statements": 4, "percent_covered": 100.0, "percent_covered_display": "100", "missing_lines": 0, "excluded_lines": 0, "percent_statements_covered": 100.0, "percent_statements_covered_display": "100", "num_branches": 0, "num_partial_branches": 0, "covered_branches": 0, "missing_branches": 0, "percent_branches_covered": 100.0, "percent_branches_covered_display": "100"}, "missing_lines": [], "excluded_lines": [], "start_line": 1, "executed_branches": [], "missing_branches": []}}}}, "totals": {"covered_lines": 2451, "num_statements": 2635, "percent_covered": 89.8849896785609, "percent_covered_display": "90", "missing_lines": 184, "excluded_lines": 2, "percent_statements_covered": 93.01707779886148, "percent_statements_covered_display": "93", "num_branches": 756, "num_partial_branches": 151, "covered_branches": 597, "missing_branches": 159, "percent_branches_covered": 78.96825396825396, "percent_branches_covered_display": "79"}}