<?xml version="1.0" encoding="utf-8"?><testsuites name="pytest tests"><testsuite name="pytest" errors="0" failures="0" skipped="0" tests="149" time="1.163" timestamp="2026-03-09T02:07:45.488370+00:00" hostname="runnervm0kj6c"><testcase classname="tests.contracts.test_intake_contract" name="test_validate_intake_payload_accepts_valid_payload" time="0.001" /><testcase classname="tests.contracts.test_intake_contract" name="test_validate_intake_payload_rejects_missing_required_metadata" time="0.001" /><testcase classname="tests.contracts.test_intake_contract" name="test_validate_intake_payload_requires_primary_document" time="0.001" /><testcase classname="tests.contracts.test_intake_contract" name="test_validate_intake_payload_rejects_invalid_source_channel" time="0.001" /><testcase classname="tests.contracts.test_intake_contract" name="test_validate_intake_payload_rejects_invalid_received_at" time="0.001" /><testcase classname="tests.contracts.test_intake_contract" name="test_validate_intake_payload_accepts_date_only_received_at" time="0.001" /><testcase classname="tests.contracts.test_intake_contract" name="test_validate_intake_payload_warns_on_empty_or_non_string_source_ref" time="0.001" /><testcase classname="tests.data.test_migration_core_schema" name="test_apply_core_schema_creates_tables_and_indexes" time="0.002" /><testcase classname="tests.data.test_migration_core_schema" name="test_apply_core_schema_defines_required_columns" time="0.001" /><testcase classname="tests.data.test_migration_core_schema" name="test_apply_core_schema_enforces_foreign_key_relationships" time="0.001" /><testcase classname="tests.data.test_migration_core_schema" name="test_apply_core_schema_rejects_orphaned_children" time="0.001" /><testcase classname="tests.data.test_migration_core_schema" name="test_apply_core_schema_cascades_deletes_down_hierarchy" time="0.001" /><testcase classname="tests.data.test_migration_core_schema" name="test_apply_core_schema_rejects_blank_required_identifiers" time="0.001" /><testcase classname="tests.data.test_migration_core_schema" name="test_rollback_core_schema_drops_tables" time="0.001" /><testcase classname="tests.data.test_migration_core_schema" name="test_rollback_core_schema_allows_clean_reapply" time="0.002" /><testcase classname="tests.data.test_migration_documentation" name="test_core_migration_docs_reference_existing_migration_files" time="0.001" /><testcase classname="tests.data.test_migration_documentation" name="test_core_migration_docs_match_tables_relationships_and_indexes" time="0.001" /><testcase classname="tests.data.test_migration_documentation" name="test_core_migration_docs_match_rollback_order_and_pragmas" time="0.001" /><testcase classname="tests.data.test_migration_documentation" name="test_core_schema_contract_includes_optional_field_extension_notes" time="0.001" /><testcase classname="tests.data.test_models" name="test_firm_model_fields" time="0.001" /><testcase classname="tests.data.test_models" name="test_fund_model_fields" time="0.001" /><testcase classname="tests.data.test_models" name="test_document_model_fields" time="0.001" /><testcase classname="tests.data.test_provenance_history" name="test_apply_provenance_schema_requires_core_documents_table" time="0.001" /><testcase classname="tests.data.test_provenance_history" name="test_apply_provenance_schema_creates_tables" time="0.002" /><testcase classname="tests.data.test_provenance_history" name="test_corrections_are_append_only_and_latest_value_comes_from_last_correction" time="0.002" /><testcase classname="tests.data.test_provenance_history" name="test_correction_history_orders_by_corrected_at_not_insert_order" time="0.002" /><testcase classname="tests.data.test_provenance_history" name="test_latest_value_returns_original_when_no_correction_exists" time="0.002" /><testcase classname="tests.data.test_repository_core" name="test_create_and_read_firm_fund_document" time="0.001" /><testcase classname="tests.data.test_repository_core" name="test_update_firm_aliases" time="0.002" /><testcase classname="tests.data.test_repository_core" name="test_update_firm_aliases_unknown_firm_raises" time="0.001" /><testcase classname="tests.data.test_repository_core" name="test_list_document_versions_sorted_by_version_date_then_received_at" time="0.001" /><testcase classname="tests.data.test_repository_core" name="test_list_document_versions_uses_document_id_tie_breaker" time="0.001" /><testcase classname="tests.data.test_repository_core" name="test_update_fund_and_document_round_trip" time="0.001" /><testcase classname="tests.data.test_repository_core" name="test_update_unknown_fund_or_document_raises" time="0.001" /><testcase classname="tests.data.test_repository_core" name="test_list_provenance_rows_returns_empty_when_table_missing" time="0.001" /><testcase classname="tests.data.test_repository_core" name="test_list_provenance_rows_reads_when_table_exists" time="0.001" /><testcase classname="tests.data.test_schema_integrity" name="test_seed_fixtures_load_into_core_schema" time="0.001" /><testcase classname="tests.data.test_schema_integrity" name="test_seed_fixture_reset_supports_repeatable_loads" time="0.001" /><testcase classname="tests.data.test_schema_integrity" name="test_integrity_checks_reject_orphaned_rows" time="0.002" /><testcase classname="tests.data.test_schema_integrity" name="test_correction_history_returns_ordered_events" time="0.001" /><testcase classname="tests.data.test_schema_integrity" name="test_provenance_pointer_validation_accepts_known_document_fields" time="0.001" /><testcase classname="tests.data.test_schema_integrity" name="test_provenance_pointer_validation_flags_unknown_targets" time="0.001" /><testcase classname="tests.extraction.test_multimodal_provider_interface" name="test_multimodal_provider_protocol_runtime_conformance" time="0.001" /><testcase classname="tests.extraction.test_multimodal_provider_interface" name="test_provider_output_supports_text_table_and_image_modalities" time="0.001" /><testcase classname="tests.extraction.test_provider_contract" name="test_primary_provider_returns_canonical_result_shape" time="0.003" /><testcase classname="tests.extraction.test_provider_contract" name="test_primary_provider_fields_include_required_metadata" time="0.001" /><testcase classname="tests.extraction.test_provider_contract" name="test_primary_provider_extracts_expected_baseline_keys" time="0.001" /><testcase classname="tests.extraction.test_provider_contract_validation" name="test_validate_provider_output_accepts_valid_payload" time="0.001" /><testcase classname="tests.extraction.test_provider_contract_validation" name="test_validate_provider_output_rejects_cross_document_source_location" time="0.002" /><testcase classname="tests.extraction.test_provider_contract_validation" name="test_validate_extracted_document_result_accepts_valid_payload" time="0.001" /><testcase classname="tests.extraction.test_provider_contract_validation" name="test_validate_extracted_document_result_rejects_invalid_confidence" time="0.001" /><testcase classname="tests.extraction.test_provider_normalization" name="test_normalize_provider_output_builds_canonical_fields" time="0.001" /><testcase classname="tests.extraction.test_provider_normalization" name="test_normalize_provider_output_uses_placeholders_for_missing_metadata" time="0.001" /><testcase classname="tests.intake.test_fixture_catalog_documentation" name="test_fixture_catalog_references_every_intake_fixture_file" time="0.001" /><testcase classname="tests.intake.test_fixture_catalog_documentation" name="test_fixture_catalog_rows_capture_expected_outcomes" time="0.001" /><testcase classname="tests.intake.test_ingest_integration" name="test_pdf_primary_bundle_registers_successfully" time="0.001" /><testcase classname="tests.intake.test_ingest_integration" name="test_pptx_primary_bundle_registers_successfully" time="0.001" /><testcase classname="tests.intake.test_ingest_integration" name="test_pdf_mixed_bundle_registers_successfully" time="0.001" /><testcase classname="tests.intake.test_ingest_integration" name="test_pptx_mixed_bundle_registers_successfully" time="0.001" /><testcase classname="tests.intake.test_ingest_integration" name="test_missing_metadata_bundle_rejected_with_deterministic_errors" time="0.001" /><testcase classname="tests.intake.test_ingest_integration" name="test_unsupported_type_bundle_rejected_with_expected_errors" time="0.001" /><testcase classname="tests.intake.test_ingest_integration" name="test_corrupted_bundle_rejected_with_invalid_json_error" time="0.001" /><testcase classname="tests.intake.test_ingest_integration" name="test_missing_bundle_file_rejected_with_bundle_read_error" time="0.001" /><testcase classname="tests.intake.test_ingest_integration" name="test_non_object_bundle_file_rejected_with_invalid_structure" time="0.004" /><testcase classname="tests.intake.test_ingest_integration" name="test_duplicate_package_id_rejected_deterministically" time="0.001" /><testcase classname="tests.intake.test_ingest_service" name="test_happy_path_transitions_received_processing_completed" time="0.001" /><testcase classname="tests.intake.test_ingest_service" name="test_escalation_payload_contains_expected_context" time="0.001" /><testcase classname="tests.intake.test_ingest_service" name="test_invalid_transition_raises_error" time="0.001" /><testcase classname="tests.intake.test_ingest_service" name="test_event_order_is_preserved" time="0.001" /><testcase classname="tests.intake.test_ingest_service" name="test_receive_package_rejects_duplicate_package_id" time="0.001" /><testcase classname="tests.intake.test_ingest_service" name="test_get_events_unknown_package_raises_key_error" time="0.001" /><testcase classname="tests.intake.test_versioning" name="test_compute_sha256_is_deterministic" time="0.001" /><testcase classname="tests.intake.test_versioning" name="test_build_version_id_uses_hash_prefix_and_timestamp" time="0.001" /><testcase classname="tests.intake.test_versioning" name="test_create_fingerprint_normalizes_received_at" time="0.001" /><testcase classname="tests.intake.test_versioning" name="test_normalize_received_at_converts_offsets_and_naive_values_to_utc" time="0.001" /><testcase classname="tests.intake.test_versioning" name="test_inmemory_store_idempotent_reingest_same_payload_same_timestamp" time="0.001" /><testcase classname="tests.intake.test_versioning" name="test_inmemory_store_appends_new_version_for_changed_content" time="0.001" /><testcase classname="tests.intake.test_versioning" name="test_inmemory_store_idempotent_reingest_same_payload_different_timestamp" time="0.001" /><testcase classname="tests.intake.test_versioning" name="test_inmemory_store_get_and_exists_round_trip" time="0.001" /><testcase classname="tests.observability.test_setup_validation" name="test_validate_langsmith_setup_accepts_valid_required_env" time="0.001" /><testcase classname="tests.observability.test_setup_validation" name="test_validate_langsmith_setup_requires_api_key" time="0.001" /><testcase classname="tests.observability.test_setup_validation" name="test_validate_langsmith_setup_supports_langsmith_toggle_fallback" time="0.001" /><testcase classname="tests.observability.test_setup_validation" name="test_validate_langsmith_setup_errors_when_langchain_toggle_disabled" time="0.001" /><testcase classname="tests.observability.test_setup_validation" name="test_main_returns_failure_when_project_is_required_but_missing" time="0.002" /><testcase classname="tests.observability.test_setup_validation" name="test_main_returns_success_for_valid_env" time="0.001" /><testcase classname="tests.observability.test_tracing_toggle" name="test_tracer_disabled_mode_emits_no_events" time="0.001" /><testcase classname="tests.observability.test_tracing_toggle" name="test_tracer_enabled_mode_emits_start_and_end_events" time="0.001" /><testcase classname="tests.observability.test_tracing_toggle" name="test_child_trace_context_preserves_trace_id_and_merges_tags" time="0.001" /><testcase classname="tests.observability.test_tracing_toggle" name="test_tracer_start_run_emits_run_event" time="0.001" /><testcase classname="tests.observability.test_tracing_toggle" name="test_child_run_context_preserves_trace_and_sets_parent_run" time="0.001" /><testcase classname="tests.observability.test_tracing_toggle" name="test_trace_context_inject_and_extract_round_trip" time="0.001" /><testcase classname="tests.observability.test_tracing_toggle" name="test_extract_trace_context_returns_none_without_trace_id" time="0.001" /><testcase classname="tests.observability.test_tracing_toggle" name="test_cross_stage_propagation_shares_trace_id" time="0.001" /><testcase classname="tests.observability.test_tracing_toggle" name="test_cross_service_propagation_uses_shared_trace_context" time="0.001" /><testcase classname="tests.observability.test_tracing_toggle" name="test_tracing_enabled_from_env_defaults_to_disabled" time="0.001" /><testcase classname="tests.observability.test_tracing_toggle" name="test_tracing_enabled_from_env_honors_primary_toggle" time="0.001" /><testcase classname="tests.observability.test_tracing_toggle" name="test_tracing_enabled_from_env_primary_toggle_can_disable" time="0.001" /><testcase classname="tests.observability.test_tracing_toggle" name="test_tracing_enabled_from_env_falls_back_to_langchain_toggle" time="0.001" /><testcase classname="tests.observability.test_tracing_toggle" name="test_tracing_enabled_from_env_falls_back_to_langsmith_toggle" time="0.001" /><testcase classname="tests.observability.test_tracing_toggle" name="test_tracing_enabled_from_env_uses_default_for_invalid_value" time="0.001" /><testcase classname="tests.observability.test_tracing_toggle" name="test_tracer_from_env_uses_resolved_toggle" time="0.001" /><testcase classname="tests.performance.test_contracts" name="test_frequency_field_definitions_are_explicit_and_ordered" time="0.001" /><testcase classname="tests.performance.test_contracts" name="test_validate_payload_uses_field_definitions_for_frequency_checks" time="0.001" /><testcase classname="tests.performance.test_ingest_contracts" name="test_monthly_series_is_required" time="0.001" /><testcase classname="tests.performance.test_ingest_contracts" name="test_quarterly_and_annual_are_optional_but_accepted" time="0.001" /><testcase classname="tests.performance.test_ingest_contracts" name="test_invalid_frequency_rejected_with_deterministic_error" time="0.001" /><testcase classname="tests.performance.test_ingest_contracts" name="test_invalid_date_rejected_with_deterministic_error" time="0.001" /><testcase classname="tests.performance.test_ingest_contracts" name="test_non_numeric_value_rejected_with_deterministic_error" time="0.001" /><testcase classname="tests.performance.test_ingest_contracts" name="test_monthly_points_must_be_strictly_increasing" time="0.001" /><testcase classname="tests.performance.test_metrics" name="test_compute_metrics_returns_expected_values_for_known_fixture" time="0.001" /><testcase classname="tests.performance.test_metrics" name="test_compute_metrics_handles_insufficient_windows_gracefully" time="0.001" /><testcase classname="tests.performance.test_metrics" name="test_compute_metrics_requires_monthly_benchmark_frequency" time="0.001" /><testcase classname="tests.performance.test_metrics" name="test_compute_metrics_flags_benchmark_metrics_when_overlap_is_too_small" time="0.001" /><testcase classname="tests.performance.test_metrics" name="test_compute_metrics_is_reproducible_for_identical_inputs" time="0.001" /><testcase classname="tests.performance.test_normalize" name="test_normalize_payload_aligns_dates_and_builds_canonical_month_rows" time="0.001" /><testcase classname="tests.performance.test_normalize" name="test_normalize_payload_is_stable_across_reruns" time="0.001" /><testcase classname="tests.performance.test_normalize" name="test_normalize_series_rejects_duplicate_period_collapses" time="0.001" /><testcase classname="tests.performance.test_normalize" name="test_benchmark_alignment_hook_reports_missing_months_and_correlation_inputs" time="0.001" /><testcase classname="tests.performance.test_normalize" name="test_benchmark_alignment_requires_monthly_series" time="0.001" /><testcase classname="tests.test_dependency_version_alignment" name="test_all_pyproject_dependencies_are_in_lock" time="0.003" /><testcase classname="tests.test_epic_milestones" name="test_child_issue_plan_contains_expected_child_issue_numbers" time="0.001" /><testcase classname="tests.test_epic_milestones" name="test_canonical_plan_passes_validation" time="0.001" /><testcase classname="tests.test_epic_milestones" name="test_ready_issues_progress_by_milestone_and_dependencies" time="0.001" /><testcase classname="tests.test_epic_milestones" name="test_later_milestone_blocked_until_current_milestone_completes" time="0.001" /><testcase classname="tests.test_epic_milestones" name="test_validation_rejects_dependency_on_later_milestone" time="0.001" /><testcase classname="tests.test_extraction_orchestrator" name="test_primary_success_skips_fallback" time="0.001" /><testcase classname="tests.test_extraction_orchestrator" name="test_primary_failure_retries_once_with_fallback" time="0.001" /><testcase classname="tests.test_extraction_orchestrator" name="test_guardrail_blocks_repeated_fallback_attempts" time="0.001" /><testcase classname="tests.test_extraction_orchestrator" name="test_orchestrator_emits_trace_events_for_primary_success" time="0.001" /><testcase classname="tests.test_extraction_orchestrator" name="test_orchestrator_emits_trace_events_for_fallback_attempt" time="0.001" /><testcase classname="tests.test_main" name="test_version" time="0.001" /><testcase classname="tests.test_main" name="test_public_api_contract" time="0.001" /><testcase classname="tests.test_main" name="test_greet[World-Hello, World!]" time="0.001" /><testcase classname="tests.test_main" name="test_greet[Alice-Hello, Alice!]" time="0.001" /><testcase classname="tests.test_main" name="test_greet[-Hello, !]" time="0.001" /><testcase classname="tests.test_main" name="test_add[1-2-3]" time="0.001" /><testcase classname="tests.test_main" name="test_add[0-0-0]" time="0.001" /><testcase classname="tests.test_main" name="test_add[-1-1-0]" time="0.001" /><testcase classname="tests.test_main" name="test_add[-5--3--8]" time="0.001" /><testcase classname="tests.test_main" name="test_add[-10-5--5]" time="0.001" /><testcase classname="tests.test_main" name="test_add_is_commutative[3-7]" time="0.001" /><testcase classname="tests.test_main" name="test_add_is_commutative[-2-9]" time="0.001" /><testcase classname="tests.test_main" name="test_add_is_commutative[0--4]" time="0.001" /><testcase classname="tests.test_workflow_validation" name="test_create_item_defaults_to_pending_triage_without_owner" time="0.001" /><testcase classname="tests.test_workflow_validation" name="test_claim_requires_pending_item_and_sets_analyst_owner" time="0.001" /><testcase classname="tests.test_workflow_validation" name="test_claim_rejects_already_owned_item" time="0.001" /><testcase classname="tests.test_workflow_validation" name="test_transition_sequence_and_terminal_block" time="0.001" /><testcase classname="tests.test_workflow_validation" name="test_invalid_transition_is_rejected" time="0.001" /><testcase classname="tests.test_workflow_validation" name="test_transfer_to_ops_and_dashboard_projection" time="0.001" /></testsuite></testsuites>