<?xml version="1.0" encoding="utf-8"?><testsuites name="pytest tests"><testsuite name="pytest" errors="0" failures="0" skipped="0" tests="348" time="1.950" timestamp="2026-03-09T05:25:38.810291+00:00" hostname="runnervm0kj6c"><testcase classname="tests.audit.test_queue_audit" name="test_create_queue_audit_event_has_required_actor_and_timestamp" time="0.001" /><testcase classname="tests.audit.test_queue_audit" name="test_repository_append_is_immutable_and_returns_new_instance" time="0.001" /><testcase classname="tests.audit.test_queue_audit" name="test_repository_preserves_append_order_for_item_level_trail" time="0.001" /><testcase classname="tests.audit.test_queue_audit" name="test_append_rejects_out_of_order_timestamp" time="0.001" /><testcase classname="tests.audit.test_queue_audit" name="test_create_queue_audit_event_validates_required_fields" time="0.001" /><testcase classname="tests.contracts.test_intake_contract" name="test_validate_intake_payload_accepts_valid_payload" time="0.001" /><testcase classname="tests.contracts.test_intake_contract" name="test_validate_intake_payload_rejects_missing_required_metadata" time="0.000" /><testcase classname="tests.contracts.test_intake_contract" name="test_validate_intake_payload_requires_primary_document" time="0.000" /><testcase classname="tests.contracts.test_intake_contract" name="test_validate_intake_payload_rejects_invalid_source_channel" time="0.000" /><testcase classname="tests.contracts.test_intake_contract" name="test_validate_intake_payload_rejects_invalid_received_at" time="0.000" /><testcase classname="tests.contracts.test_intake_contract" name="test_validate_intake_payload_accepts_date_only_received_at" time="0.000" /><testcase classname="tests.contracts.test_intake_contract" name="test_validate_intake_payload_warns_on_empty_or_non_string_source_ref" time="0.001" /><testcase classname="tests.contracts.test_intake_contract" name="test_validate_intake_payload_rejects_non_object_payload" time="0.000" /><testcase classname="tests.contracts.test_intake_contract" name="test_validate_intake_payload_rejects_missing_metadata_object_and_files" time="0.000" /><testcase classname="tests.contracts.test_intake_contract" name="test_validate_intake_payload_rejects_non_object_and_missing_name_file_entries" time="0.000" /><testcase classname="tests.contracts.test_intake_contract" name="test_validate_intake_payload_rejects_missing_role_and_unsupported_extension" time="0.001" /><testcase classname="tests.contracts.test_intake_contract" name="test_validate_intake_payload_rejects_non_string_or_empty_received_at" time="0.001" /><testcase classname="tests.contracts.test_intake_contract" name="test_validate_intake_payload_rejects_non_canonical_received_at_datetime" time="0.000" /><testcase classname="tests.contracts.test_intake_contract" name="test_validate_intake_payload_rejects_timezone_less_received_at_datetime" time="0.000" /><testcase classname="tests.contracts.test_intake_contract" name="test_validate_intake_payload_accepts_received_at_datetime_with_offset" time="0.000" /><testcase classname="tests.data.test_migration_core_schema" name="test_apply_core_schema_creates_tables_and_indexes" time="0.001" /><testcase classname="tests.data.test_migration_core_schema" name="test_apply_core_schema_defines_required_columns" time="0.001" /><testcase classname="tests.data.test_migration_core_schema" name="test_apply_core_schema_enforces_foreign_key_relationships" time="0.001" /><testcase classname="tests.data.test_migration_core_schema" name="test_apply_core_schema_rejects_orphaned_children" time="0.001" /><testcase classname="tests.data.test_migration_core_schema" name="test_apply_core_schema_cascades_deletes_down_hierarchy" time="0.001" /><testcase classname="tests.data.test_migration_core_schema" name="test_apply_core_schema_rejects_blank_required_identifiers" time="0.001" /><testcase classname="tests.data.test_migration_core_schema" name="test_rollback_core_schema_drops_tables" time="0.001" /><testcase classname="tests.data.test_migration_core_schema" name="test_rollback_core_schema_allows_clean_reapply" time="0.002" /><testcase classname="tests.data.test_migration_documentation" name="test_core_migration_docs_reference_existing_migration_files" time="0.001" /><testcase classname="tests.data.test_migration_documentation" name="test_core_migration_docs_match_tables_relationships_and_indexes" time="0.001" /><testcase classname="tests.data.test_migration_documentation" name="test_core_migration_docs_match_rollback_order_and_pragmas" time="0.001" /><testcase classname="tests.data.test_migration_documentation" name="test_core_schema_contract_includes_optional_field_extension_notes" time="0.000" /><testcase classname="tests.data.test_models" name="test_firm_model_fields" time="0.000" /><testcase classname="tests.data.test_models" name="test_fund_model_fields" time="0.000" /><testcase classname="tests.data.test_models" name="test_document_model_fields" time="0.000" /><testcase classname="tests.data.test_provenance_history" name="test_apply_provenance_schema_requires_core_documents_table" time="0.001" /><testcase classname="tests.data.test_provenance_history" name="test_apply_provenance_schema_creates_tables" time="0.001" /><testcase classname="tests.data.test_provenance_history" name="test_corrections_are_append_only_and_latest_value_comes_from_last_correction" time="0.002" /><testcase classname="tests.data.test_provenance_history" name="test_correction_history_orders_by_corrected_at_not_insert_order" time="0.001" /><testcase classname="tests.data.test_provenance_history" name="test_latest_value_returns_original_when_no_correction_exists" time="0.001" /><testcase classname="tests.data.test_repository_core" name="test_create_and_read_firm_fund_document" time="0.001" /><testcase classname="tests.data.test_repository_core" name="test_update_firm_aliases" time="0.001" /><testcase classname="tests.data.test_repository_core" name="test_update_firm_aliases_unknown_firm_raises" time="0.001" /><testcase classname="tests.data.test_repository_core" name="test_list_document_versions_sorted_by_version_date_then_received_at" time="0.001" /><testcase classname="tests.data.test_repository_core" name="test_list_document_versions_uses_document_id_tie_breaker" time="0.001" /><testcase classname="tests.data.test_repository_core" name="test_update_fund_and_document_round_trip" time="0.001" /><testcase classname="tests.data.test_repository_core" name="test_update_unknown_fund_or_document_raises" time="0.001" /><testcase classname="tests.data.test_repository_core" name="test_list_provenance_rows_returns_empty_when_table_missing" time="0.001" /><testcase classname="tests.data.test_repository_core" name="test_list_provenance_rows_reads_when_table_exists" time="0.001" /><testcase classname="tests.data.test_schema_integrity" name="test_seed_fixtures_load_into_core_schema" time="0.001" /><testcase classname="tests.data.test_schema_integrity" name="test_seed_fixture_foreign_key_relationships_are_intact" time="0.001" /><testcase classname="tests.data.test_schema_integrity" name="test_seed_fixture_reset_supports_repeatable_loads" time="0.002" /><testcase classname="tests.data.test_schema_integrity" name="test_integrity_checks_reject_orphaned_rows" time="0.002" /><testcase classname="tests.data.test_schema_integrity" name="test_fk_violation_rejects_fund_with_unknown_firm" time="0.001" /><testcase classname="tests.data.test_schema_integrity" name="test_fk_violation_rejects_document_with_unknown_fund" time="0.001" /><testcase classname="tests.data.test_schema_integrity" name="test_fk_violation_rejects_correction_with_unknown_field" time="0.002" /><testcase classname="tests.data.test_schema_integrity" name="test_fk_violation_rejects_correction_when_field_was_deleted" time="0.001" /><testcase classname="tests.data.test_schema_integrity" name="test_fk_violation_rejects_extracted_field_with_unknown_document" time="0.001" /><testcase classname="tests.data.test_schema_integrity" name="test_correction_history_returns_ordered_events" time="0.001" /><testcase classname="tests.data.test_schema_integrity" name="test_correction_history_exposes_most_recent_event_for_pointer" time="0.001" /><testcase classname="tests.data.test_schema_integrity" name="test_correction_history_exposes_latest_event_for_each_pointer" time="0.001" /><testcase classname="tests.data.test_schema_integrity" name="test_latest_correction_for_pointer_returns_none_when_no_history_exists" time="0.001" /><testcase classname="tests.data.test_schema_integrity" name="test_correction_history_is_chronological_even_when_fixture_events_are_unsorted" time="0.001" /><testcase classname="tests.data.test_schema_integrity" name="test_correction_history_for_document_is_chronological_and_latest_is_identifiable" time="0.001" /><testcase classname="tests.data.test_schema_integrity" name="test_provenance_pointer_validation_accepts_known_document_fields" time="0.001" /><testcase classname="tests.data.test_schema_integrity" name="test_provenance_pointer_validation_flags_unknown_targets" time="0.001" /><testcase classname="tests.data.test_schema_integrity" name="test_provenance_pointer_validation_fails_on_unknown_targets" time="0.001" /><testcase classname="tests.data.test_schema_integrity" name="test_provenance_pointer_validation_flags_invalid_pointer_formats" time="0.001" /><testcase classname="tests.data.test_schema_integrity" name="test_provenance_pointer_validation_fails_on_invalid_pointer_format" time="0.001" /><testcase classname="tests.data.test_visual_artifact_repository" name="test_visual_artifact_repository_round_trip" time="0.001" /><testcase classname="tests.data.test_visual_artifact_repository" name="test_visual_artifact_repository_preserves_slide_coordinates" time="0.001" /><testcase classname="tests.extraction.test_multimodal_provider_interface" name="test_multimodal_provider_protocol_runtime_conformance" time="0.000" /><testcase classname="tests.extraction.test_multimodal_provider_interface" name="test_provider_output_supports_text_table_and_image_modalities" time="0.000" /><testcase classname="tests.extraction.test_provider_contract" name="test_primary_provider_returns_canonical_result_shape" time="0.003" /><testcase classname="tests.extraction.test_provider_contract" name="test_primary_provider_fields_include_required_metadata" time="0.001" /><testcase classname="tests.extraction.test_provider_contract" name="test_primary_provider_extracts_expected_baseline_keys" time="0.001" /><testcase classname="tests.extraction.test_provider_contract_validation" name="test_validate_provider_output_accepts_valid_payload" time="0.000" /><testcase classname="tests.extraction.test_provider_contract_validation" name="test_validate_provider_output_rejects_cross_document_source_location" time="0.001" /><testcase classname="tests.extraction.test_provider_contract_validation" name="test_validate_extracted_document_result_accepts_valid_payload" time="0.000" /><testcase classname="tests.extraction.test_provider_contract_validation" name="test_validate_extracted_document_result_rejects_invalid_confidence" time="0.001" /><testcase classname="tests.extraction.test_provider_normalization" name="test_normalize_provider_output_builds_canonical_fields" time="0.001" /><testcase classname="tests.extraction.test_provider_normalization" name="test_normalize_provider_output_uses_placeholders_for_missing_metadata" time="0.000" /><testcase classname="tests.extraction.test_quality_regression" name="test_extraction_quality_report_meets_baseline_metrics" time="0.001" /><testcase classname="tests.extraction.test_quality_regression" name="test_extraction_quality_report_surfaces_fixture_level_gaps" time="0.001" /><testcase classname="tests.extraction.test_thresholds" name="test_load_threshold_config_reads_policy_values" time="0.001" /><testcase classname="tests.extraction.test_thresholds" name="test_evaluate_thresholds_boundary_values_are_deterministic" time="0.001" /><testcase classname="tests.extraction.test_thresholds" name="test_evaluate_thresholds_escalates_when_mandatory_field_below_floor" time="0.001" /><testcase classname="tests.extraction.test_thresholds" name="test_evaluate_thresholds_escalates_when_mandatory_field_is_missing" time="0.001" /><testcase classname="tests.extraction.test_thresholds" name="test_attach_threshold_summary_adds_document_policy_fields" time="0.001" /><testcase classname="tests.extraction.test_thresholds" name="test_evaluate_thresholds_empty_key_fields_forces_escalation" time="0.001" /><testcase classname="tests.images.test_extractor" name="test_extract_visual_artifacts_from_pdf_links_page_and_hash_metadata" time="0.001" /><testcase classname="tests.images.test_extractor" name="test_extract_visual_artifacts_from_pptx_links_slide_and_relationship_metadata" time="0.002" /><testcase classname="tests.images.test_extractor" name="test_visual_artifact_ids_are_stable_for_same_source_payload" time="0.001" /><testcase classname="tests.images.test_extractor" name="test_extract_visual_artifacts_rejects_unsupported_extension" time="0.001" /><testcase classname="tests.intake.test_fixture_catalog_documentation" name="test_fixture_catalog_references_every_intake_fixture_file" time="0.001" /><testcase classname="tests.intake.test_fixture_catalog_documentation" name="test_fixture_catalog_rows_capture_expected_outcomes" time="0.001" /><testcase classname="tests.intake.test_ingest_integration" name="test_pdf_primary_bundle_registers_successfully" time="0.001" /><testcase classname="tests.intake.test_ingest_integration" name="test_pptx_primary_bundle_registers_successfully" time="0.001" /><testcase classname="tests.intake.test_ingest_integration" name="test_pdf_mixed_bundle_registers_successfully" time="0.001" /><testcase classname="tests.intake.test_ingest_integration" name="test_pptx_mixed_bundle_registers_successfully" time="0.001" /><testcase classname="tests.intake.test_ingest_integration" name="test_missing_metadata_bundle_rejected_with_deterministic_errors" time="0.001" /><testcase classname="tests.intake.test_ingest_integration" name="test_unsupported_type_bundle_rejected_with_expected_errors" time="0.001" /><testcase classname="tests.intake.test_ingest_integration" name="test_corrupted_bundle_rejected_with_invalid_json_error" time="0.001" /><testcase classname="tests.intake.test_ingest_integration" name="test_missing_bundle_file_rejected_with_bundle_read_error" time="0.001" /><testcase classname="tests.intake.test_ingest_integration" name="test_non_object_bundle_file_rejected_with_invalid_structure" time="0.003" /><testcase classname="tests.intake.test_ingest_integration" name="test_duplicate_package_id_rejected_deterministically" time="0.001" /><testcase classname="tests.intake.test_ingest_service" name="test_happy_path_transitions_received_processing_completed" time="0.001" /><testcase classname="tests.intake.test_ingest_service" name="test_escalation_payload_contains_expected_context" time="0.001" /><testcase classname="tests.intake.test_ingest_service" name="test_invalid_transition_raises_error" time="0.001" /><testcase classname="tests.intake.test_ingest_service" name="test_event_order_is_preserved" time="0.000" /><testcase classname="tests.intake.test_ingest_service" name="test_receive_package_rejects_duplicate_package_id" time="0.001" /><testcase classname="tests.intake.test_ingest_service" name="test_get_events_unknown_package_raises_key_error" time="0.001" /><testcase classname="tests.intake.test_ingest_service" name="test_document_binding_uses_explicit_document_ids_when_present" time="0.000" /><testcase classname="tests.intake.test_ingest_service" name="test_can_query_record_and_events_by_document_id" time="0.000" /><testcase classname="tests.intake.test_ingest_service" name="test_duplicate_document_id_rejected_within_package" time="0.001" /><testcase classname="tests.intake.test_ingest_service" name="test_duplicate_document_id_rejected_across_packages" time="0.001" /><testcase classname="tests.intake.test_ingest_service" name="test_unknown_document_queries_raise_key_error" time="0.001" /><testcase classname="tests.intake.test_versioning" name="test_compute_sha256_is_deterministic" time="0.000" /><testcase classname="tests.intake.test_versioning" name="test_build_version_id_uses_hash_prefix_and_timestamp" time="0.000" /><testcase classname="tests.intake.test_versioning" name="test_create_fingerprint_normalizes_received_at" time="0.000" /><testcase classname="tests.intake.test_versioning" name="test_normalize_received_at_converts_offsets_and_naive_values_to_utc" time="0.000" /><testcase classname="tests.intake.test_versioning" name="test_inmemory_store_idempotent_reingest_same_payload_same_timestamp" time="0.001" /><testcase classname="tests.intake.test_versioning" name="test_inmemory_store_appends_new_version_for_changed_content" time="0.001" /><testcase classname="tests.intake.test_versioning" name="test_inmemory_store_idempotent_reingest_same_payload_different_timestamp" time="0.000" /><testcase classname="tests.intake.test_versioning" name="test_inmemory_store_get_and_exists_round_trip" time="0.000" /><testcase classname="tests.observability.test_logging_metrics" name="test_correlation_id_round_trip_and_propagation" time="0.001" /><testcase classname="tests.observability.test_logging_metrics" name="test_build_log_record_contains_required_operational_fields" time="0.000" /><testcase classname="tests.observability.test_logging_metrics" name="test_build_log_record_does_not_allow_reserved_field_override" time="0.000" /><testcase classname="tests.observability.test_logging_metrics" name="test_log_context_requires_error_code_for_non_success_status" time="0.001" /><testcase classname="tests.observability.test_logging_metrics" name="test_inmemory_metrics_records_core_counters_and_latency" time="0.001" /><testcase classname="tests.observability.test_logging_metrics" name="test_metrics_queries_use_name_and_exact_tags" time="0.000" /><testcase classname="tests.observability.test_pipeline_smoke" name="test_pipeline_smoke_tracing_enabled_keeps_correlation_ids_stable" time="0.001" /><testcase classname="tests.observability.test_pipeline_smoke" name="test_pipeline_smoke_tracing_disabled_and_escalation_metrics_path" time="0.001" /><testcase classname="tests.observability.test_setup_validation" name="test_validate_langsmith_setup_accepts_valid_required_env" time="0.000" /><testcase classname="tests.observability.test_setup_validation" name="test_validate_langsmith_setup_requires_api_key" time="0.000" /><testcase classname="tests.observability.test_setup_validation" name="test_validate_langsmith_setup_supports_langsmith_toggle_fallback" time="0.000" /><testcase classname="tests.observability.test_setup_validation" name="test_validate_langsmith_setup_errors_when_langchain_toggle_disabled" time="0.000" /><testcase classname="tests.observability.test_setup_validation" name="test_main_returns_failure_when_project_is_required_but_missing" time="0.002" /><testcase classname="tests.observability.test_setup_validation" name="test_main_returns_success_for_valid_env" time="0.001" /><testcase classname="tests.observability.test_tracing_toggle" name="test_tracer_disabled_mode_emits_no_events" time="0.000" /><testcase classname="tests.observability.test_tracing_toggle" name="test_tracer_enabled_mode_emits_start_and_end_events" time="0.001" /><testcase classname="tests.observability.test_tracing_toggle" name="test_child_trace_context_preserves_trace_id_and_merges_tags" time="0.000" /><testcase classname="tests.observability.test_tracing_toggle" name="test_tracer_start_run_emits_run_event" time="0.000" /><testcase classname="tests.observability.test_tracing_toggle" name="test_child_run_context_preserves_trace_and_sets_parent_run" time="0.001" /><testcase classname="tests.observability.test_tracing_toggle" name="test_trace_context_inject_and_extract_round_trip" time="0.001" /><testcase classname="tests.observability.test_tracing_toggle" name="test_extract_trace_context_returns_none_without_trace_id" time="0.000" /><testcase classname="tests.observability.test_tracing_toggle" name="test_cross_stage_propagation_shares_trace_id" time="0.001" /><testcase classname="tests.observability.test_tracing_toggle" name="test_cross_service_propagation_uses_shared_trace_context" time="0.001" /><testcase classname="tests.observability.test_tracing_toggle" name="test_tracing_enabled_from_env_defaults_to_disabled" time="0.000" /><testcase classname="tests.observability.test_tracing_toggle" name="test_tracing_enabled_from_env_honors_primary_toggle" time="0.000" /><testcase classname="tests.observability.test_tracing_toggle" name="test_tracing_enabled_from_env_primary_toggle_can_disable" time="0.000" /><testcase classname="tests.observability.test_tracing_toggle" name="test_tracing_enabled_from_env_falls_back_to_langchain_toggle" time="0.000" /><testcase classname="tests.observability.test_tracing_toggle" name="test_tracing_enabled_from_env_falls_back_to_langsmith_toggle" time="0.000" /><testcase classname="tests.observability.test_tracing_toggle" name="test_tracing_enabled_from_env_uses_default_for_invalid_value" time="0.001" /><testcase classname="tests.observability.test_tracing_toggle" name="test_tracer_from_env_uses_resolved_toggle" time="0.001" /><testcase classname="tests.observability.test_tracing_toggle" name="test_traced_span_decorator_wraps_callable_with_span" time="0.001" /><testcase classname="tests.observability.test_tracing_toggle" name="test_traced_run_decorator_noop_when_disabled" time="0.001" /><testcase classname="tests.performance.test_conflict_resolver" name="test_resolver_prefers_xlsx_values_on_overlapping_conflicts" time="0.001" /><testcase classname="tests.performance.test_conflict_resolver" name="test_conflict_threshold_boundary_at_five_percent_does_not_escalate" time="0.001" /><testcase classname="tests.performance.test_conflict_resolver" name="test_conflict_threshold_above_five_percent_escalates" time="0.001" /><testcase classname="tests.performance.test_conflict_resolver" name="test_resolver_handles_no_overlap_without_escalation" time="0.001" /><testcase classname="tests.performance.test_conflict_resolver" name="test_resolver_validates_frequency_mismatch" time="0.000" /><testcase classname="tests.performance.test_conflict_resolver" name="test_resolver_accepts_single_source_inputs" time="0.001" /><testcase classname="tests.performance.test_contracts" name="test_frequency_field_definitions_are_explicit_and_ordered" time="0.000" /><testcase classname="tests.performance.test_contracts" name="test_validate_payload_uses_field_definitions_for_frequency_checks" time="0.000" /><testcase classname="tests.performance.test_ingest_contracts" name="test_monthly_series_is_required" time="0.000" /><testcase classname="tests.performance.test_ingest_contracts" name="test_quarterly_and_annual_are_optional_but_accepted" time="0.001" /><testcase classname="tests.performance.test_ingest_contracts" name="test_invalid_frequency_rejected_with_deterministic_error" time="0.001" /><testcase classname="tests.performance.test_ingest_contracts" name="test_invalid_date_rejected_with_deterministic_error" time="0.001" /><testcase classname="tests.performance.test_ingest_contracts" name="test_non_numeric_value_rejected_with_deterministic_error" time="0.000" /><testcase classname="tests.performance.test_ingest_contracts" name="test_monthly_points_must_be_strictly_increasing" time="0.000" /><testcase classname="tests.performance.test_metrics" name="test_compute_metrics_returns_expected_values_for_known_fixture" time="0.001" /><testcase classname="tests.performance.test_metrics" name="test_compute_metrics_handles_insufficient_windows_gracefully" time="0.001" /><testcase classname="tests.performance.test_metrics" name="test_compute_metrics_requires_monthly_benchmark_frequency" time="0.001" /><testcase classname="tests.performance.test_metrics" name="test_compute_metrics_flags_benchmark_metrics_when_overlap_is_too_small" time="0.001" /><testcase classname="tests.performance.test_metrics" name="test_compute_metrics_is_reproducible_for_identical_inputs" time="0.001" /><testcase classname="tests.performance.test_metrics" name="test_compute_metrics_canonical_schema_includes_all_prioritized_metrics" time="0.001" /><testcase classname="tests.performance.test_metrics" name="test_compute_metrics_canonical_returns_stable_schema_directly" time="0.001" /><testcase classname="tests.performance.test_metrics" name="test_compute_metrics_canonical_matches_dataclass_canonical_output" time="0.001" /><testcase classname="tests.performance.test_metrics" name="test_compute_metrics_canonical_returns_fresh_schema_each_call" time="0.001" /><testcase classname="tests.performance.test_metrics" name="test_compute_metrics_handles_zero_excess_volatility_without_exceptions" time="0.001" /><testcase classname="tests.performance.test_metrics" name="test_compute_metrics_handles_zero_tracking_error_without_exceptions" time="0.001" /><testcase classname="tests.performance.test_metrics" name="test_compute_metrics_handles_zero_benchmark_variance_without_exceptions" time="0.001" /><testcase classname="tests.performance.test_metrics" name="test_to_canonical_dict_rejects_invalid_insufficient_data_order" time="0.000" /><testcase classname="tests.performance.test_metrics" name="test_to_canonical_dict_rejects_negative_counts" time="0.001" /><testcase classname="tests.performance.test_normalize" name="test_normalize_payload_aligns_dates_and_builds_canonical_month_rows" time="0.001" /><testcase classname="tests.performance.test_normalize" name="test_normalize_payload_is_stable_across_reruns" time="0.001" /><testcase classname="tests.performance.test_normalize" name="test_normalize_series_rejects_duplicate_period_collapses" time="0.001" /><testcase classname="tests.performance.test_normalize" name="test_benchmark_alignment_hook_reports_missing_months_and_correlation_inputs" time="0.001" /><testcase classname="tests.performance.test_normalize" name="test_benchmark_alignment_requires_monthly_series" time="0.001" /><testcase classname="tests.performance.test_normalize" name="test_normalize_date_input_supports_common_formats[raw_date0-expected0]" time="0.001" /><testcase classname="tests.performance.test_normalize" name="test_normalize_date_input_supports_common_formats[raw_date1-expected1]" time="0.001" /><testcase classname="tests.performance.test_normalize" name="test_normalize_date_input_supports_common_formats[2025-01-15-expected2]" time="0.001" /><testcase classname="tests.performance.test_normalize" name="test_normalize_date_input_supports_common_formats[2025/01/15-expected3]" time="0.006" /><testcase classname="tests.performance.test_normalize" name="test_normalize_date_input_supports_common_formats[01/15/2025-expected4]" time="0.001" /><testcase classname="tests.performance.test_normalize" name="test_normalize_date_input_supports_common_formats[20250115-expected5]" time="0.001" /><testcase classname="tests.performance.test_normalize" name="test_normalize_date_input_applies_frequency_period_end_alignment" time="0.001" /><testcase classname="tests.performance.test_normalize" name="test_normalize_date_input_rejects_invalid_types_and_formats" time="0.001" /><testcase classname="tests.performance.test_normalize" name="test_describe_normalization_contract_is_stable_and_explicit" time="0.000" /><testcase classname="tests.queue.test_assignment_sla" name="test_analyst_first_assignment_sets_owner_and_sla_fields" time="0.001" /><testcase classname="tests.queue.test_assignment_sla" name="test_reassign_to_ops_preserves_history_and_updates_sla_assignment_window" time="0.001" /><testcase classname="tests.queue.test_assignment_sla" name="test_reassign_rejects_non_owner_analyst" time="0.001" /><testcase classname="tests.queue.test_assignment_sla" name="test_same_day_breach_flag_set_after_due_time" time="0.000" /><testcase classname="tests.queue.test_assignment_sla" name="test_same_day_breach_flag_not_set_before_due_time" time="0.000" /><testcase classname="tests.queue.test_assignment_sla" name="test_sla_requires_timezone_aware_created_at" time="0.001" /><testcase classname="tests.queue.test_state_machine" name="test_create_queue_item_defaults_to_new_and_unassigned" time="0.000" /><testcase classname="tests.queue.test_state_machine" name="test_assign_new_item_allows_analyst_or_ops[analyst-analyst-1]" time="0.001" /><testcase classname="tests.queue.test_state_machine" name="test_assign_new_item_allows_analyst_or_ops[ops-analyst-2]" time="0.001" /><testcase classname="tests.queue.test_state_machine" name="test_assign_new_item_rejects_system_actor" time="0.001" /><testcase classname="tests.queue.test_state_machine" name="test_transition_matrix_accepts_valid_paths" time="0.001" /><testcase classname="tests.queue.test_state_machine" name="test_transition_matrix_rejects_invalid_transitions[new-in_review]" time="0.001" /><testcase classname="tests.queue.test_state_machine" name="test_transition_matrix_rejects_invalid_transitions[new-blocked]" time="0.001" /><testcase classname="tests.queue.test_state_machine" name="test_transition_matrix_rejects_invalid_transitions[assigned-resolved]" time="0.001" /><testcase classname="tests.queue.test_state_machine" name="test_transition_matrix_rejects_invalid_transitions[blocked-resolved]" time="0.001" /><testcase classname="tests.queue.test_state_machine" name="test_transition_matrix_rejects_invalid_transitions[resolved-assigned]" time="0.001" /><testcase classname="tests.queue.test_state_machine" name="test_transition_matrix_rejects_invalid_transitions[resolved-in_review]" time="0.001" /><testcase classname="tests.queue.test_state_machine" name="test_transition_rejects_non_assignee_non_ops_actor" time="0.001" /><testcase classname="tests.queue.test_state_machine" name="test_transition_to_assigned_requires_ops_role" time="0.001" /><testcase classname="tests.queue.test_state_machine" name="test_assign_reassignment_requires_ops_for_active_items" time="0.001" /><testcase classname="tests.queue.test_state_machine" name="test_resolved_state_rejects_reassignment" time="0.001" /><testcase classname="tests.scoring.test_engine" name="test_compute_score_is_deterministic_for_identical_inputs" time="0.001" /><testcase classname="tests.scoring.test_engine" name="test_asset_class_weight_sets_produce_materially_different_scores" time="0.001" /><testcase classname="tests.scoring.test_engine" name="test_red_flag_hook_can_cap_score" time="0.001" /><testcase classname="tests.scoring.test_engine" name="test_red_flag_hook_can_fully_block_score" time="0.001" /><testcase classname="tests.scoring.test_explainability" name="test_build_payload_computes_component_contributions_and_reconciles_total" time="0.001" /><testcase classname="tests.scoring.test_explainability" name="test_build_payload_rejects_non_reconciling_overall_score" time="0.001" /><testcase classname="tests.scoring.test_explainability" name="test_formatter_is_stable_for_unordered_input_components" time="0.001" /><testcase classname="tests.scoring.test_explainability" name="test_component_validations_enforced" time="0.001" /><testcase classname="tests.scoring.test_regression_rankings" name="test_rankings_are_stable_for_launch_fixture_dataset" time="0.001" /><testcase classname="tests.scoring.test_regression_rankings" name="test_drift_report_alerts_when_thresholds_are_exceeded" time="0.001" /><testcase classname="tests.scoring.test_regression_rankings" name="test_drift_report_respects_configurable_thresholds" time="0.001" /><testcase classname="tests.scoring.test_regression_rankings" name="test_calibration_stats_cover_each_asset_class_distribution" time="0.001" /><testcase classname="tests.scoring.test_weights_config" name="test_load_weight_registry_returns_all_launch_asset_classes" time="0.002" /><testcase classname="tests.scoring.test_weights_config" name="test_get_weight_set_returns_requested_asset_class" time="0.002" /><testcase classname="tests.scoring.test_weights_config" name="test_load_weight_registry_rejects_missing_launch_asset_class" time="0.002" /><testcase classname="tests.scoring.test_weights_config" name="test_load_weight_registry_rejects_path_that_is_not_directory" time="0.001" /><testcase classname="tests.scoring.test_weights_config" name="test_load_weight_registry_rejects_missing_component_weights" time="0.002" /><testcase classname="tests.scoring.test_weights_config" name="test_load_weight_registry_rejects_sum_not_equal_to_one" time="0.002" /><testcase classname="tests.scoring.test_weights_config" name="test_load_weight_registry_rejects_unknown_component_key" time="0.002" /><testcase classname="tests.scoring.test_weights_config" name="test_load_weight_registry_rejects_asset_class_filename_mismatch" time="0.002" /><testcase classname="tests.test_classify_threads" name="test_classify_thread_returns_expected_keys" time="0.000" /><testcase classname="tests.test_classify_threads" name="test_classify_thread_style_comment_is_not_warranted" time="0.000" /><testcase classname="tests.test_classify_threads" name="test_classify_thread_bug_comment_is_warranted" time="0.000" /><testcase classname="tests.test_classify_threads" name="test_classify_thread_empty_text_defaults_to_warranted" time="0.000" /><testcase classname="tests.test_dependency_version_alignment" name="test_all_pyproject_dependencies_are_in_lock" time="0.002" /><testcase classname="tests.test_disposition_note" name="test_extract_non_pass_provider_concerns_ignores_pass_and_captures_concerns" time="0.001" /><testcase classname="tests.test_disposition_note" name="test_render_scope_lines_reports_when_provider_has_no_bullets" time="0.001" /><testcase classname="tests.test_disposition_note" name="test_render_disposition_note_includes_required_traceability_links" time="0.001" /><testcase classname="tests.test_disposition_note" name="test_build_review_items_emits_per_concern_and_summary_fallback" time="0.001" /><testcase classname="tests.test_disposition_note" name="test_render_review_lines_reports_no_work_when_all_providers_pass" time="0.000" /><testcase classname="tests.test_disposition_note" name="test_render_disposition_note_supports_not_warranted_path" time="0.001" /><testcase classname="tests.test_disposition_note" name="test_render_disposition_note_supports_follow_up_fix_path" time="0.001" /><testcase classname="tests.test_disposition_note" name="test_main_requires_why_for_decision_path" time="0.003" /><testcase classname="tests.test_disposition_note" name="test_main_requires_follow_up_ref_for_follow_up_fix_path" time="0.002" /><testcase classname="tests.test_epic_milestones" name="test_child_issue_plan_contains_expected_child_issue_numbers" time="0.000" /><testcase classname="tests.test_epic_milestones" name="test_canonical_plan_passes_validation" time="0.000" /><testcase classname="tests.test_epic_milestones" name="test_ready_issues_progress_by_milestone_and_dependencies" time="0.001" /><testcase classname="tests.test_epic_milestones" name="test_later_milestone_blocked_until_current_milestone_completes" time="0.000" /><testcase classname="tests.test_epic_milestones" name="test_validation_rejects_dependency_on_later_milestone" time="0.000" /><testcase classname="tests.test_extraction_orchestrator" name="test_primary_success_skips_fallback" time="0.001" /><testcase classname="tests.test_extraction_orchestrator" name="test_primary_failure_retries_once_with_fallback" time="0.001" /><testcase classname="tests.test_extraction_orchestrator" name="test_guardrail_blocks_repeated_fallback_attempts" time="0.001" /><testcase classname="tests.test_extraction_orchestrator" name="test_fallback_retries_until_success_within_policy_limits" time="0.001" /><testcase classname="tests.test_extraction_orchestrator" name="test_guardrail_blocks_fallback_when_provider_names_match" time="0.001" /><testcase classname="tests.test_extraction_orchestrator" name="test_primary_failure_routes_to_pending_triage_when_fallback_is_disabled" time="0.001" /><testcase classname="tests.test_extraction_orchestrator" name="test_orchestrator_emits_trace_events_for_primary_success" time="0.001" /><testcase classname="tests.test_extraction_orchestrator" name="test_orchestrator_emits_trace_events_for_fallback_attempt" time="0.001" /><testcase classname="tests.test_followup_issue_generator" name="test_extract_verification_data_captures_non_pass_rows" time="0.008" /><testcase classname="tests.test_followup_issue_generator" name="test_generate_followup_issue_includes_verify_compare_evidence_section" time="0.003" /><testcase classname="tests.test_followup_issue_generator" name="test_generate_followup_issue_marks_advisory_non_pass_as_no_code_change" time="0.002" /><testcase classname="tests.test_followup_issue_generator" name="test_generate_followup_issue_marks_low_confidence_concerns_as_disposition_only" time="0.001" /><testcase classname="tests.test_followup_issue_generator" name="test_generate_followup_issue_keeps_fail_as_code_change_required" time="0.001" /><testcase classname="tests.test_followup_issue_generator" name="test_generate_disposition_comment_includes_evidence_decision_and_rationale" time="0.001" /><testcase classname="tests.test_followup_issue_generator" name="test_generate_disposition_comment_includes_source_link_when_provided" time="0.001" /><testcase classname="tests.test_followup_issue_generator" name="test_generate_issue_disposition_link_comment_includes_url" time="0.000" /><testcase classname="tests.test_main" name="test_version" time="0.000" /><testcase classname="tests.test_main" name="test_public_api_contract" time="0.000" /><testcase classname="tests.test_main" name="test_greet[World-Hello, World!]" time="0.001" /><testcase classname="tests.test_main" name="test_greet[Alice-Hello, Alice!]" time="0.001" /><testcase classname="tests.test_main" name="test_greet[-Hello, !]" time="0.001" /><testcase classname="tests.test_main" name="test_add[1-2-3]" time="0.001" /><testcase classname="tests.test_main" name="test_add[0-0-0]" time="0.001" /><testcase classname="tests.test_main" name="test_add[-1-1-0]" time="0.001" /><testcase classname="tests.test_main" name="test_add[-5--3--8]" time="0.001" /><testcase classname="tests.test_main" name="test_add[-10-5--5]" time="0.001" /><testcase classname="tests.test_main" name="test_add_is_commutative[3-7]" time="0.001" /><testcase classname="tests.test_main" name="test_add_is_commutative[-2-9]" time="0.001" /><testcase classname="tests.test_main" name="test_add_is_commutative[0--4]" time="0.001" /><testcase classname="tests.test_pr_verifier_disposition" name="test_format_disposition_not_warranted_includes_required_text" time="0.000" /><testcase classname="tests.test_pr_verifier_disposition" name="test_format_disposition_warranted_uses_followup_reference" time="0.000" /><testcase classname="tests.test_pr_verifier_disposition" name="test_not_warranted_requires_rationale" time="0.001" /><testcase classname="tests.test_pr_verifier_disposition" name="test_warranted_requires_followup_number" time="0.001" /><testcase classname="tests.test_pr_verifier_disposition" name="test_format_outcome_note_includes_disposition_and_source_issue" time="0.000" /><testcase classname="tests.test_pr_verifier_disposition" name="test_format_outcome_note_includes_followup_reference_when_provided" time="0.000" /><testcase classname="tests.test_pr_verifier_disposition" name="test_outcome_note_requires_disposition_url" time="0.001" /><testcase classname="tests.test_pr_workflow" name="test_pr_thread_workflow_end_to_end_with_mocked_github_api" time="0.001" /><testcase classname="tests.test_pr_workflow" name="test_pr_thread_workflow_script_mains_end_to_end" time="0.004" /><testcase classname="tests.test_validate_child_issues" name="test_validate_issue_body_all_sections_present" time="0.002" /><testcase classname="tests.test_validate_child_issues" name="test_validate_issue_body_reports_missing_sections" time="0.001" /><testcase classname="tests.test_validate_child_issues" name="test_main_success_with_local_issue_directory" time="0.003" /><testcase classname="tests.test_validate_child_issues" name="test_main_failure_when_section_missing" time="0.003" /><testcase classname="tests.test_validate_child_issues" name="test_validate_epic_task_links_success" time="0.003" /><testcase classname="tests.test_validate_child_issues" name="test_validate_epic_task_links_reports_missing_link" time="0.001" /><testcase classname="tests.test_validate_child_issues" name="test_ensure_epic_task_links_adds_missing_link" time="0.001" /><testcase classname="tests.test_validate_child_issues" name="test_ensure_epic_task_links_requires_tasks_header" time="0.001" /><testcase classname="tests.test_validate_child_issues" name="test_main_failure_when_epic_task_links_missing" time="0.003" /><testcase classname="tests.test_validate_child_issues" name="test_main_success_with_epic_task_links_validation" time="0.003" /><testcase classname="tests.test_validate_child_issues" name="test_main_fix_epic_task_links_requires_issues_dir" time="0.001" /><testcase classname="tests.test_validate_child_issues" name="test_main_fix_epic_task_links_updates_epic_file" time="0.003" /><testcase classname="tests.test_validate_child_issues" name="test_render_epic_task_links_checklist" time="0.000" /><testcase classname="tests.test_validate_child_issues" name="test_main_print_epic_task_links_checklist" time="0.002" /><testcase classname="tests.test_validation_queue_api" name="test_filters_by_state_and_owner_role" time="0.001" /><testcase classname="tests.test_validation_queue_api" name="test_filters_by_package_and_escalation_substring" time="0.001" /><testcase classname="tests.test_validation_queue_api" name="test_pagination_applies_after_sorting" time="0.001" /><testcase classname="tests.test_validation_queue_api" name="test_timestamp_filters_accept_z_suffix_and_naive_timestamps" time="0.001" /><testcase classname="tests.test_validation_queue_api" name="test_rejects_invalid_query_limits" time="0.001" /><testcase classname="tests.test_validation_queue_api" name="test_build_query_from_params_parses_lists_and_paging" time="0.001" /><testcase classname="tests.test_validation_queue_api" name="test_build_query_rejects_invalid_state" time="0.001" /><testcase classname="tests.test_validation_queue_api" name="test_build_query_rejects_non_integer_paging_params" time="0.001" /><testcase classname="tests.test_validation_queue_api" name="test_direct_query_validation_rejects_invalid_sort_and_state" time="0.001" /><testcase classname="tests.test_verify_compare_disposition" name="test_extract_concerns_from_concerns_heading" time="0.002" /><testcase classname="tests.test_verify_compare_disposition" name="test_extract_concerns_deduplicates_across_formats" time="0.001" /><testcase classname="tests.test_verify_compare_disposition" name="test_extract_concerns_from_json_array" time="0.000" /><testcase classname="tests.test_verify_compare_disposition" name="test_extract_concerns_from_low_scores_and_markdown_table" time="0.000" /><testcase classname="tests.test_verify_compare_disposition" name="test_render_disposition_markdown_contains_required_phrase" time="0.000" /><testcase classname="tests.test_verify_compare_disposition" name="test_main_writes_output_file" time="0.002" /><testcase classname="tests.test_verify_compare_disposition" name="test_render_issue_comment_markdown_lists_concerns" time="0.000" /><testcase classname="tests.test_verify_compare_disposition" name="test_main_writes_issue_comment_file" time="0.002" /><testcase classname="tests.test_verify_compare_locator" name="test_extract_non_pass_finding_for_target_pr" time="0.001" /><testcase classname="tests.test_verify_compare_locator" name="test_extract_ignores_pass_verdict" time="0.000" /><testcase classname="tests.test_verify_compare_locator" name="test_scan_files_collects_non_pass_without_pr_filter" time="0.001" /><testcase classname="tests.test_verify_compare_locator" name="test_extract_non_pass_phrase_with_pr_context" time="0.000" /><testcase classname="tests.test_verify_compare_locator" name="test_extract_ignores_non_verdict_concerns_wording" time="0.000" /><testcase classname="tests.test_verify_compare_locator" name="test_scope_output_includes_disposition_requirements" time="0.000" /><testcase classname="tests.test_verify_compare_locator" name="test_disposition_output_marks_documentation_only_gap" time="0.001" /><testcase classname="tests.test_verify_compare_locator" name="test_disposition_output_marks_follow_up_fix_when_not_doc_gap" time="0.000" /><testcase classname="tests.test_verify_compare_locator" name="test_disposition_output_for_empty_findings" time="0.000" /><testcase classname="tests.test_verify_compare_locator" name="test_disposition_prefers_finding_with_source_link_when_multiple" time="0.001" /><testcase classname="tests.test_verify_compare_locator" name="test_disposition_prefers_pr_issuecomment_link_when_available" time="0.001" /><testcase classname="tests.test_verify_compare_locator" name="test_disposition_doc_gap_rationale_uses_selected_pr_label" time="0.000" /><testcase classname="tests.test_verify_compare_locator" name="test_validation_output_passes_for_doc_gap_disposition" time="0.001" /><testcase classname="tests.test_verify_compare_locator" name="test_validation_output_fails_when_no_findings" time="0.000" /><testcase classname="tests.test_workflow_validation" name="test_create_item_defaults_to_pending_triage_without_owner" time="0.000" /><testcase classname="tests.test_workflow_validation" name="test_claim_requires_pending_item_and_sets_analyst_owner" time="0.000" /><testcase classname="tests.test_workflow_validation" name="test_claim_rejects_already_owned_item" time="0.001" /><testcase classname="tests.test_workflow_validation" name="test_transition_sequence_and_terminal_block" time="0.001" /><testcase classname="tests.test_workflow_validation" name="test_invalid_transition_is_rejected" time="0.001" /><testcase classname="tests.test_workflow_validation" name="test_transfer_to_ops_and_dashboard_projection" time="0.001" /></testsuite></testsuites>